This file contains any messages produced by compilers while
running configure, to aid debugging if configure makes a mistake.

It was created by configure, which was
generated by GNU Autoconf 2.71.  Invocation command line was

  $ ./configure

## --------- ##
## Platform. ##
## --------- ##

hostname = abdelazizsalah-virtual-machine
uname -m = x86_64
uname -r = 6.8.0-60-generic
uname -s = Linux
uname -v = #63~22.04.1-Ubuntu SMP PREEMPT_DYNAMIC Tue Apr 22 19:00:15 UTC 2

/usr/bin/uname -p = x86_64
/bin/uname -X     = unknown

/bin/arch              = x86_64
/usr/bin/arch -k       = unknown
/usr/convex/getsysinfo = unknown
/usr/bin/hostinfo      = unknown
/bin/machine           = unknown
/usr/bin/oslevel       = unknown
/bin/universe          = unknown

PATH: /home/abdelazizsalah/.local/bin/
PATH: /usr/local/sbin/
PATH: /usr/local/bin/
PATH: /usr/sbin/
PATH: /usr/bin/
PATH: /sbin/
PATH: /bin/
PATH: /usr/games/
PATH: /usr/local/games/
PATH: /snap/bin/
PATH: /snap/bin/
PATH: /home/abdelazizsalah/.local/bin/
PATH: /bin/
PATH: /home/abdelazizsalah/.local/bin/
PATH: /bin/
PATH: /home/abdelazizsalah/.local/bin/


## ----------- ##
## Core tests. ##
## ----------- ##

configure:2576: looking for aux files: compile ltmain.sh missing install-sh config.guess config.sub
configure:2589:  trying ./
configure:2618:   ./compile found
configure:2618:   ./ltmain.sh found
configure:2618:   ./missing found
configure:2600:   ./install-sh found
configure:2618:   ./config.guess found
configure:2618:   ./config.sub found
configure:2738: checking build system type
configure:2753: result: x86_64-pc-linux-gnu
configure:2773: checking host system type
configure:2787: result: x86_64-pc-linux-gnu
configure:2807: checking target system type
configure:2821: result: x86_64-pc-linux-gnu
configure:2867: checking for a BSD-compatible install
configure:2940: result: /usr/bin/install -c
configure:2951: checking whether build environment is sane
configure:3006: result: yes
configure:3041: WARNING: 'missing' script is too old or missing
configure:3165: checking for a race-free mkdir -p
configure:3209: result: /usr/bin/mkdir -p
configure:3216: checking for gawk
configure:3251: result: no
configure:3216: checking for mawk
configure:3237: found /usr/bin/mawk
configure:3248: result: mawk
configure:3259: checking whether make sets $(MAKE)
configure:3282: result: yes
configure:3312: checking whether make supports nested variables
configure:3330: result: yes
configure:3470: checking whether to enable maintainer-specific portions of Makefiles
configure:3480: result: no
configure:3541: checking how to print strings
configure:3568: result: printf
configure:3602: checking whether make supports the include directive
configure:3617: make -f confmf.GNU && cat confinc.out
this is the am__doit target
configure:3620: $? = 0
configure:3639: result: yes (GNU style)
configure:3715: checking for gcc
configure:3736: found /usr/bin/gcc
configure:3747: result: gcc
configure:4100: checking for C compiler version
configure:4109: gcc --version >&5
gcc (Ubuntu 11.4.0-1ubuntu1~22.04) 11.4.0
Copyright (C) 2021 Free Software Foundation, Inc.
This is free software; see the source for copying conditions.  There is NO
warranty; not even for MERCHANTABILITY or FITNESS FOR A PARTICULAR PURPOSE.

configure:4120: $? = 0
configure:4109: gcc -v >&5
Using built-in specs.
COLLECT_GCC=gcc
COLLECT_LTO_WRAPPER=/usr/lib/gcc/x86_64-linux-gnu/11/lto-wrapper
OFFLOAD_TARGET_NAMES=nvptx-none:amdgcn-amdhsa
OFFLOAD_TARGET_DEFAULT=1
Target: x86_64-linux-gnu
Configured with: ../src/configure -v --with-pkgversion='Ubuntu 11.4.0-1ubuntu1~22.04' --with-bugurl=file:///usr/share/doc/gcc-11/README.Bugs --enable-languages=c,ada,c++,go,brig,d,fortran,objc,obj-c++,m2 --prefix=/usr --with-gcc-major-version-only --program-suffix=-11 --program-prefix=x86_64-linux-gnu- --enable-shared --enable-linker-build-id --libexecdir=/usr/lib --without-included-gettext --enable-threads=posix --libdir=/usr/lib --enable-nls --enable-bootstrap --enable-clocale=gnu --enable-libstdcxx-debug --enable-libstdcxx-time=yes --with-default-libstdcxx-abi=new --enable-gnu-unique-object --disable-vtable-verify --enable-plugin --enable-default-pie --with-system-zlib --enable-libphobos-checking=release --with-target-system-zlib=auto --enable-objc-gc=auto --enable-multiarch --disable-werror --enable-cet --with-arch-32=i686 --with-abi=m64 --with-multilib-list=m32,m64,mx32 --enable-multilib --with-tune=generic --enable-offload-targets=nvptx-none=/build/gcc-11-XeT9lY/gcc-11-11.4.0/debian/tmp-nvptx/usr,amdgcn-amdhsa=/build/gcc-11-XeT9lY/gcc-11-11.4.0/debian/tmp-gcn/usr --without-cuda-driver --enable-checking=release --build=x86_64-linux-gnu --host=x86_64-linux-gnu --target=x86_64-linux-gnu --with-build-config=bootstrap-lto-lean --enable-link-serialization=2
Thread model: posix
Supported LTO compression algorithms: zlib zstd
gcc version 11.4.0 (Ubuntu 11.4.0-1ubuntu1~22.04) 
... rest of stderr output deleted ...
configure:4120: $? = 0
configure:4109: gcc -V >&5
gcc: error: unrecognized command-line option '-V'
gcc: fatal error: no input files
compilation terminated.
configure:4120: $? = 1
configure:4109: gcc -qversion >&5
gcc: error: unrecognized command-line option '-qversion'; did you mean '--version'?
gcc: fatal error: no input files
compilation terminated.
configure:4120: $? = 1
configure:4109: gcc -version >&5
gcc: error: unrecognized command-line option '-version'
gcc: fatal error: no input files
compilation terminated.
configure:4120: $? = 1
configure:4140: checking whether the C compiler works
configure:4162: gcc    conftest.c  >&5
configure:4166: $? = 0
configure:4216: result: yes
configure:4219: checking for C compiler default output file name
configure:4221: result: a.out
configure:4227: checking for suffix of executables
configure:4234: gcc -o conftest    conftest.c  >&5
configure:4238: $? = 0
configure:4261: result: 
configure:4283: checking whether we are cross compiling
configure:4291: gcc -o conftest    conftest.c  >&5
configure:4295: $? = 0
configure:4302: ./conftest
configure:4306: $? = 0
configure:4321: result: no
configure:4326: checking for suffix of object files
configure:4349: gcc -c   conftest.c >&5
configure:4353: $? = 0
configure:4375: result: o
configure:4379: checking whether the compiler supports GNU C
configure:4399: gcc -c   conftest.c >&5
configure:4399: $? = 0
configure:4409: result: yes
configure:4420: checking whether gcc accepts -g
configure:4441: gcc -c -g  conftest.c >&5
configure:4441: $? = 0
configure:4485: result: yes
configure:4505: checking for gcc option to enable C11 features
configure:4520: gcc  -c -g -O2  conftest.c >&5
configure:4520: $? = 0
configure:4538: result: none needed
configure:4654: checking whether gcc understands -c and -o together
configure:4677: gcc -c conftest.c -o conftest2.o
configure:4680: $? = 0
configure:4677: gcc -c conftest.c -o conftest2.o
configure:4680: $? = 0
configure:4692: result: yes
configure:4711: checking dependency style of gcc
configure:4823: result: none
configure:4838: checking for a sed that does not truncate output
configure:4908: result: /usr/bin/sed
configure:4926: checking for grep that handles long lines and -e
configure:4990: result: /usr/bin/grep
configure:4995: checking for egrep
configure:5063: result: /usr/bin/grep -E
configure:5068: checking for fgrep
configure:5136: result: /usr/bin/grep -F
configure:5172: checking for ld used by gcc
configure:5240: result: /usr/bin/ld
configure:5247: checking if the linker (/usr/bin/ld) is GNU ld
configure:5263: result: yes
configure:5275: checking for BSD- or MS-compatible name lister (nm)
configure:5330: result: /usr/bin/nm -B
configure:5470: checking the name lister (/usr/bin/nm -B) interface
configure:5478: gcc -c -g -O2  conftest.c >&5
configure:5481: /usr/bin/nm -B "conftest.o"
configure:5484: output
0000000000000000 B some_variable
configure:5491: result: BSD nm
configure:5494: checking whether ln -s works
configure:5498: result: yes
configure:5506: checking the maximum length of command line arguments
configure:5638: result: 1572864
configure:5686: checking how to convert x86_64-pc-linux-gnu file names to x86_64-pc-linux-gnu format
configure:5727: result: func_convert_file_noop
configure:5734: checking how to convert x86_64-pc-linux-gnu file names to toolchain format
configure:5755: result: func_convert_file_noop
configure:5762: checking for /usr/bin/ld option to reload object files
configure:5770: result: -r
configure:5849: checking for objdump
configure:5870: found /usr/bin/objdump
configure:5881: result: objdump
configure:5913: checking how to recognize dependent libraries
configure:6114: result: pass_all
configure:6204: checking for dlltool
configure:6239: result: no
configure:6269: checking how to associate runtime and link libraries
configure:6297: result: printf %s\n
configure:6363: checking for ar
configure:6384: found /usr/bin/ar
configure:6395: result: ar
configure:6432: checking for archiver @FILE support
configure:6450: gcc -c -g -O2  conftest.c >&5
configure:6450: $? = 0
configure:6454: ar cr libconftest.a @conftest.lst >&5
configure:6457: $? = 0
configure:6462: ar cr libconftest.a @conftest.lst >&5
ar: conftest.o: No such file or directory
configure:6465: $? = 1
configure:6477: result: @
configure:6540: checking for strip
configure:6561: found /usr/bin/strip
configure:6572: result: strip
configure:6649: checking for ranlib
configure:6670: found /usr/bin/ranlib
configure:6681: result: ranlib
configure:6783: checking command to parse /usr/bin/nm -B output from gcc object
configure:6937: gcc -c -g -O2  conftest.c >&5
configure:6940: $? = 0
configure:6944: /usr/bin/nm -B conftest.o | sed -n -e 's/^.*[	 ]\([ABCDGIRSTW][ABCDGIRSTW]*\)[	 ][	 ]*\([_A-Za-z][_A-Za-z0-9]*\)$/\1 \2 \2/p' | sed '/ __gnu_lto/d' > conftest.nm
configure:7010: gcc -o conftest -g -O2   conftest.c conftstm.o >&5
configure:7013: $? = 0
configure:7051: result: ok
configure:7098: checking for sysroot
configure:7129: result: no
configure:7136: checking for a working dd
configure:7180: result: /usr/bin/dd
configure:7184: checking how to truncate binary pipes
configure:7200: result: /usr/bin/dd bs=4096 count=1
configure:7337: gcc -c -g -O2  conftest.c >&5
configure:7340: $? = 0
configure:7537: checking for mt
configure:7558: found /usr/bin/mt
configure:7569: result: mt
configure:7592: checking if mt is a manifest tool
configure:7599: mt '-?'
configure:7607: result: no
configure:8337: checking for stdio.h
configure:8337: gcc -c -g -O2  conftest.c >&5
configure:8337: $? = 0
configure:8337: result: yes
configure:8337: checking for stdlib.h
configure:8337: gcc -c -g -O2  conftest.c >&5
configure:8337: $? = 0
configure:8337: result: yes
configure:8337: checking for string.h
configure:8337: gcc -c -g -O2  conftest.c >&5
configure:8337: $? = 0
configure:8337: result: yes
configure:8337: checking for inttypes.h
configure:8337: gcc -c -g -O2  conftest.c >&5
configure:8337: $? = 0
configure:8337: result: yes
configure:8337: checking for stdint.h
configure:8337: gcc -c -g -O2  conftest.c >&5
configure:8337: $? = 0
configure:8337: result: yes
configure:8337: checking for strings.h
configure:8337: gcc -c -g -O2  conftest.c >&5
configure:8337: $? = 0
configure:8337: result: yes
configure:8337: checking for sys/stat.h
configure:8337: gcc -c -g -O2  conftest.c >&5
configure:8337: $? = 0
configure:8337: result: yes
configure:8337: checking for sys/types.h
configure:8337: gcc -c -g -O2  conftest.c >&5
configure:8337: $? = 0
configure:8337: result: yes
configure:8337: checking for unistd.h
configure:8337: gcc -c -g -O2  conftest.c >&5
configure:8337: $? = 0
configure:8337: result: yes
configure:8337: checking for sys/time.h
configure:8337: gcc -c -g -O2  conftest.c >&5
configure:8337: $? = 0
configure:8337: result: yes
configure:8362: checking for dlfcn.h
configure:8362: gcc -c -g -O2  conftest.c >&5
configure:8362: $? = 0
configure:8362: result: yes
configure:8621: checking for objdir
configure:8637: result: .libs
configure:8897: checking if gcc supports -fno-rtti -fno-exceptions
configure:8916: gcc -c -g -O2  -fno-rtti -fno-exceptions conftest.c >&5
cc1: warning: command-line option '-fno-rtti' is valid for C++/D/ObjC++ but not for C
configure:8920: $? = 0
configure:8933: result: no
configure:9297: checking for gcc option to produce PIC
configure:9305: result: -fPIC -DPIC
configure:9313: checking if gcc PIC flag -fPIC -DPIC works
configure:9332: gcc -c -g -O2  -fPIC -DPIC -DPIC conftest.c >&5
configure:9336: $? = 0
configure:9349: result: yes
configure:9378: checking if gcc static flag -static works
configure:9407: result: yes
configure:9422: checking if gcc supports -c -o file.o
configure:9444: gcc -c -g -O2  -o out/conftest2.o conftest.c >&5
configure:9448: $? = 0
configure:9470: result: yes
configure:9478: checking if gcc supports -c -o file.o
configure:9526: result: yes
configure:9559: checking whether the gcc linker (/usr/bin/ld -m elf_x86_64) supports shared libraries
configure:10829: result: yes
configure:10866: checking whether -lc should be explicitly linked in
configure:10875: gcc -c -g -O2  conftest.c >&5
configure:10878: $? = 0
configure:10893: gcc -shared  -fPIC -DPIC conftest.o  -v -Wl,-soname -Wl,conftest -o conftest 2\>\&1 \| /usr/bin/grep  -lc  \>/dev/null 2\>\&1
configure:10896: $? = 0
configure:10910: result: no
configure:11070: checking dynamic linker characteristics
configure:11652: gcc -o conftest -g -O2   -Wl,-rpath -Wl,/foo conftest.c  >&5
configure:11652: $? = 0
configure:11903: result: GNU/Linux ld.so
configure:12025: checking how to hardcode library paths into programs
configure:12050: result: immediate
configure:12602: checking whether stripping libraries is possible
configure:12607: result: yes
configure:12642: checking if libtool supports shared libraries
configure:12644: result: yes
configure:12647: checking whether to build shared libraries
configure:12672: result: yes
configure:12675: checking whether to build static libraries
configure:12679: result: yes
configure:12820: checking for gcc
configure:12852: result: gcc
configure:13205: checking for C compiler version
configure:13214: gcc --version >&5
gcc (Ubuntu 11.4.0-1ubuntu1~22.04) 11.4.0
Copyright (C) 2021 Free Software Foundation, Inc.
This is free software; see the source for copying conditions.  There is NO
warranty; not even for MERCHANTABILITY or FITNESS FOR A PARTICULAR PURPOSE.

configure:13225: $? = 0
configure:13214: gcc -v >&5
Using built-in specs.
COLLECT_GCC=gcc
COLLECT_LTO_WRAPPER=/usr/lib/gcc/x86_64-linux-gnu/11/lto-wrapper
OFFLOAD_TARGET_NAMES=nvptx-none:amdgcn-amdhsa
OFFLOAD_TARGET_DEFAULT=1
Target: x86_64-linux-gnu
Configured with: ../src/configure -v --with-pkgversion='Ubuntu 11.4.0-1ubuntu1~22.04' --with-bugurl=file:///usr/share/doc/gcc-11/README.Bugs --enable-languages=c,ada,c++,go,brig,d,fortran,objc,obj-c++,m2 --prefix=/usr --with-gcc-major-version-only --program-suffix=-11 --program-prefix=x86_64-linux-gnu- --enable-shared --enable-linker-build-id --libexecdir=/usr/lib --without-included-gettext --enable-threads=posix --libdir=/usr/lib --enable-nls --enable-bootstrap --enable-clocale=gnu --enable-libstdcxx-debug --enable-libstdcxx-time=yes --with-default-libstdcxx-abi=new --enable-gnu-unique-object --disable-vtable-verify --enable-plugin --enable-default-pie --with-system-zlib --enable-libphobos-checking=release --with-target-system-zlib=auto --enable-objc-gc=auto --enable-multiarch --disable-werror --enable-cet --with-arch-32=i686 --with-abi=m64 --with-multilib-list=m32,m64,mx32 --enable-multilib --with-tune=generic --enable-offload-targets=nvptx-none=/build/gcc-11-XeT9lY/gcc-11-11.4.0/debian/tmp-nvptx/usr,amdgcn-amdhsa=/build/gcc-11-XeT9lY/gcc-11-11.4.0/debian/tmp-gcn/usr --without-cuda-driver --enable-checking=release --build=x86_64-linux-gnu --host=x86_64-linux-gnu --target=x86_64-linux-gnu --with-build-config=bootstrap-lto-lean --enable-link-serialization=2
Thread model: posix
Supported LTO compression algorithms: zlib zstd
gcc version 11.4.0 (Ubuntu 11.4.0-1ubuntu1~22.04) 
... rest of stderr output deleted ...
configure:13225: $? = 0
configure:13214: gcc -V >&5
gcc: error: unrecognized command-line option '-V'
gcc: fatal error: no input files
compilation terminated.
configure:13225: $? = 1
configure:13214: gcc -qversion >&5
gcc: error: unrecognized command-line option '-qversion'; did you mean '--version'?
gcc: fatal error: no input files
compilation terminated.
configure:13225: $? = 1
configure:13214: gcc -version >&5
gcc: error: unrecognized command-line option '-version'
gcc: fatal error: no input files
compilation terminated.
configure:13225: $? = 1
configure:13229: checking whether the compiler supports GNU C
configure:13259: result: yes
configure:13270: checking whether gcc accepts -g
configure:13335: result: yes
configure:13355: checking for gcc option to enable C11 features
configure:13388: result: none needed
configure:13504: checking whether gcc understands -c and -o together
configure:13542: result: yes
configure:13561: checking dependency style of gcc
configure:13673: result: none
configure:13693: checking for flex
configure:13714: found /usr/bin/flex
configure:13725: result: flex
configure:13774: checking for lex output file root
configure:13787: flex conftest.l
configure:13791: $? = 0
configure:13799: result: lex.yy
configure:13814: checking for lex library
configure:13839: gcc -o conftest -g -O2   conftest.c  >&5
configure:13839: $? = 0
configure:13852: result: none needed
configure:13867: checking for library containing yywrap
configure:13897: gcc -o conftest -g -O2   conftest.c  >&5
/usr/bin/ld: /tmp/ccaNHoVN.o: in function `main':
/home/abdelazizsalah/Desktop/Honeypots/Honeyd_1.6d/conftest.c:32: undefined reference to `yywrap'
collect2: error: ld returned 1 exit status
configure:13897: $? = 1
configure: failed program was:
| /* confdefs.h */
| #define PACKAGE_NAME ""
| #define PACKAGE_TARNAME ""
| #define PACKAGE_VERSION ""
| #define PACKAGE_STRING ""
| #define PACKAGE_BUGREPORT ""
| #define PACKAGE_URL ""
| #define PACKAGE "honeyd"
| #define VERSION "1.6d"
| #define HAVE_STDIO_H 1
| #define HAVE_STDLIB_H 1
| #define HAVE_STRING_H 1
| #define HAVE_INTTYPES_H 1
| #define HAVE_STDINT_H 1
| #define HAVE_STRINGS_H 1
| #define HAVE_SYS_STAT_H 1
| #define HAVE_SYS_TYPES_H 1
| #define HAVE_UNISTD_H 1
| #define HAVE_SYS_TIME_H 1
| #define STDC_HEADERS 1
| #define HAVE_DLFCN_H 1
| #define LT_OBJDIR ".libs/"
| /* end confdefs.h.  */
| 
| /* Override any GCC internal prototype to avoid an error.
|    Use char because int might match the return type of a GCC
|    builtin and then its argument prototype would still apply.  */
| char yywrap ();
| int
| main (void)
| {
| return yywrap ();
|   ;
|   return 0;
| }
configure:13897: gcc -o conftest -g -O2   conftest.c -lfl   >&5
/usr/bin/ld: /usr/lib/gcc/x86_64-linux-gnu/11/../../../x86_64-linux-gnu/libfl.so: undefined reference to `yylex'
collect2: error: ld returned 1 exit status
configure:13897: $? = 1
configure: failed program was:
| /* confdefs.h */
| #define PACKAGE_NAME ""
| #define PACKAGE_TARNAME ""
| #define PACKAGE_VERSION ""
| #define PACKAGE_STRING ""
| #define PACKAGE_BUGREPORT ""
| #define PACKAGE_URL ""
| #define PACKAGE "honeyd"
| #define VERSION "1.6d"
| #define HAVE_STDIO_H 1
| #define HAVE_STDLIB_H 1
| #define HAVE_STRING_H 1
| #define HAVE_INTTYPES_H 1
| #define HAVE_STDINT_H 1
| #define HAVE_STRINGS_H 1
| #define HAVE_SYS_STAT_H 1
| #define HAVE_SYS_TYPES_H 1
| #define HAVE_UNISTD_H 1
| #define HAVE_SYS_TIME_H 1
| #define STDC_HEADERS 1
| #define HAVE_DLFCN_H 1
| #define LT_OBJDIR ".libs/"
| /* end confdefs.h.  */
| 
| /* Override any GCC internal prototype to avoid an error.
|    Use char because int might match the return type of a GCC
|    builtin and then its argument prototype would still apply.  */
| char yywrap ();
| int
| main (void)
| {
| return yywrap ();
|   ;
|   return 0;
| }
configure:13897: gcc -o conftest -g -O2   conftest.c -ll   >&5
configure:13897: $? = 0
configure:13917: result: -ll
configure:13933: checking whether yytext is a pointer
configure:13949: gcc -c -g -O2  conftest.c >&5
configure:13949: $? = 0
configure:13956: result: yes
configure:13975: checking for bison
configure:13996: found /usr/bin/bison
configure:14007: result: bison -y
configure:14020: checking for dlopen in -ldl
configure:14043: gcc -o conftest -g -O2   conftest.c -ldl   >&5
configure:14043: $? = 0
configure:14053: result: yes
configure:14064: checking for libpcap
configure:14105: result: yes
configure:14117: checking for pcap_get_selectable_fd in -lpcap
configure:14140: gcc -o conftest -g -O2   conftest.c -lpcap   -ldl >&5
configure:14140: $? = 0
configure:14150: result: yes
configure:14196: checking for dnet-config
configure:14219: found /usr/bin/dnet-config
configure:14232: result: /usr/bin/dnet-config
configure:14250: checking whether libdnet is a libdumbnet
configure:14253: result: yes
configure:14268: checking for libevent
configure:14311: result: yes
configure:14321: checking for event_priority_init in -levent
configure:14344: gcc -o conftest -I/usr/include   conftest.c -levent  -L/usr/lib -levent >&5
configure:14344: $? = 0
configure:14354: result: yes
configure:14404: checking for pcre-config
configure:14427: found /usr/bin/pcre-config
configure:14440: result: /usr/bin/pcre-config
configure:14466: checking for libedit
configure:14510: result: yes
configure:14603: checking for deflate in -lz
configure:14626: gcc -o conftest    conftest.c -lz  -lz >&5
configure:14626: $? = 0
configure:14636: result: yes
configure:14651: checking for tgetstr in -lncurses
configure:14674: gcc -o conftest    conftest.c -lncurses   >&5
configure:14674: $? = 0
configure:14684: result: yes
configure:14779: checking for rrdtool
configure:14817: result: no
configure:14841: checking for python
configure:14864: found /usr/bin/python
configure:14876: result: /usr/bin/python
configure:15084: checking for egrep
configure:15152: result: /usr/bin/grep -E
configure:15158: checking for sys/wait.h that is POSIX.1 compatible
configure:15185: gcc -c   conftest.c >&5
configure:15185: $? = 0
configure:15193: result: yes
configure:15201: checking for stdarg.h
configure:15201: gcc -c   conftest.c >&5
configure:15201: $? = 0
configure:15201: result: yes
configure:15207: checking for errno.h
configure:15207: gcc -c   conftest.c >&5
configure:15207: $? = 0
configure:15207: result: yes
configure:15213: checking for fcntl.h
configure:15213: gcc -c   conftest.c >&5
configure:15213: $? = 0
configure:15213: result: yes
configure:15219: checking for paths.h
configure:15219: gcc -c   conftest.c >&5
configure:15219: $? = 0
configure:15219: result: yes
configure:15225: checking for stdlib.h
configure:15225: result: yes
configure:15231: checking for string.h
configure:15231: result: yes
configure:15237: checking for time.h
configure:15237: gcc -c   conftest.c >&5
configure:15237: $? = 0
configure:15237: result: yes
configure:15243: checking for sys/ioctl.h
configure:15243: gcc -c   conftest.c >&5
configure:15243: $? = 0
configure:15243: result: yes
configure:15249: checking for sys/param.h
configure:15249: gcc -c   conftest.c >&5
configure:15249: $? = 0
configure:15249: result: yes
configure:15255: checking for sys/socket.h
configure:15255: gcc -c   conftest.c >&5
configure:15255: $? = 0
configure:15255: result: yes
configure:15261: checking for sys/time.h
configure:15261: result: yes
configure:15267: checking for sys/ioccom.h
configure:15267: gcc -c   conftest.c >&5
conftest.c:70:10: fatal error: sys/ioccom.h: No such file or directory
   70 | #include <sys/ioccom.h>
      |          ^~~~~~~~~~~~~~
compilation terminated.
configure:15267: $? = 1
configure: failed program was:
| /* confdefs.h */
| #define PACKAGE_NAME ""
| #define PACKAGE_TARNAME ""
| #define PACKAGE_VERSION ""
| #define PACKAGE_STRING ""
| #define PACKAGE_BUGREPORT ""
| #define PACKAGE_URL ""
| #define PACKAGE "honeyd"
| #define VERSION "1.6d"
| #define HAVE_STDIO_H 1
| #define HAVE_STDLIB_H 1
| #define HAVE_STRING_H 1
| #define HAVE_INTTYPES_H 1
| #define HAVE_STDINT_H 1
| #define HAVE_STRINGS_H 1
| #define HAVE_SYS_STAT_H 1
| #define HAVE_SYS_TYPES_H 1
| #define HAVE_UNISTD_H 1
| #define HAVE_SYS_TIME_H 1
| #define STDC_HEADERS 1
| #define HAVE_DLFCN_H 1
| #define LT_OBJDIR ".libs/"
| #define YYTEXT_POINTER 1
| #define HAVE_PCAP_GET_SELECTABLE_FD 1
| #define HAVE_DUMBNET 1
| #define HAVE_LIBEVENT 1
| #define HAVE_LIBEDIT 1
| #define HAVE_LIBZ 1
| #define HAVE_SYS_WAIT_H 1
| #define HAVE_STDARG_H 1
| #define HAVE_ERRNO_H 1
| #define HAVE_FCNTL_H 1
| #define HAVE_PATHS_H 1
| #define HAVE_STDLIB_H 1
| #define HAVE_STRING_H 1
| #define HAVE_TIME_H 1
| #define HAVE_SYS_IOCTL_H 1
| #define HAVE_SYS_PARAM_H 1
| #define HAVE_SYS_SOCKET_H 1
| #define HAVE_SYS_TIME_H 1
| /* end confdefs.h.  */
| #include <stddef.h>
| #ifdef HAVE_STDIO_H
| # include <stdio.h>
| #endif
| #ifdef HAVE_STDLIB_H
| # include <stdlib.h>
| #endif
| #ifdef HAVE_STRING_H
| # include <string.h>
| #endif
| #ifdef HAVE_INTTYPES_H
| # include <inttypes.h>
| #endif
| #ifdef HAVE_STDINT_H
| # include <stdint.h>
| #endif
| #ifdef HAVE_STRINGS_H
| # include <strings.h>
| #endif
| #ifdef HAVE_SYS_TYPES_H
| # include <sys/types.h>
| #endif
| #ifdef HAVE_SYS_STAT_H
| # include <sys/stat.h>
| #endif
| #ifdef HAVE_UNISTD_H
| # include <unistd.h>
| #endif
| #include <sys/ioccom.h>
configure:15267: result: no
configure:15273: checking for sys/file.h
configure:15273: gcc -c   conftest.c >&5
configure:15273: $? = 0
configure:15273: result: yes
configure:15279: checking for net/bpf.h
configure:15279: gcc -c   conftest.c >&5
conftest.c:71:10: fatal error: net/bpf.h: No such file or directory
   71 | #include <net/bpf.h>
      |          ^~~~~~~~~~~
compilation terminated.
configure:15279: $? = 1
configure: failed program was:
| /* confdefs.h */
| #define PACKAGE_NAME ""
| #define PACKAGE_TARNAME ""
| #define PACKAGE_VERSION ""
| #define PACKAGE_STRING ""
| #define PACKAGE_BUGREPORT ""
| #define PACKAGE_URL ""
| #define PACKAGE "honeyd"
| #define VERSION "1.6d"
| #define HAVE_STDIO_H 1
| #define HAVE_STDLIB_H 1
| #define HAVE_STRING_H 1
| #define HAVE_INTTYPES_H 1
| #define HAVE_STDINT_H 1
| #define HAVE_STRINGS_H 1
| #define HAVE_SYS_STAT_H 1
| #define HAVE_SYS_TYPES_H 1
| #define HAVE_UNISTD_H 1
| #define HAVE_SYS_TIME_H 1
| #define STDC_HEADERS 1
| #define HAVE_DLFCN_H 1
| #define LT_OBJDIR ".libs/"
| #define YYTEXT_POINTER 1
| #define HAVE_PCAP_GET_SELECTABLE_FD 1
| #define HAVE_DUMBNET 1
| #define HAVE_LIBEVENT 1
| #define HAVE_LIBEDIT 1
| #define HAVE_LIBZ 1
| #define HAVE_SYS_WAIT_H 1
| #define HAVE_STDARG_H 1
| #define HAVE_ERRNO_H 1
| #define HAVE_FCNTL_H 1
| #define HAVE_PATHS_H 1
| #define HAVE_STDLIB_H 1
| #define HAVE_STRING_H 1
| #define HAVE_TIME_H 1
| #define HAVE_SYS_IOCTL_H 1
| #define HAVE_SYS_PARAM_H 1
| #define HAVE_SYS_SOCKET_H 1
| #define HAVE_SYS_TIME_H 1
| #define HAVE_SYS_FILE_H 1
| /* end confdefs.h.  */
| #include <stddef.h>
| #ifdef HAVE_STDIO_H
| # include <stdio.h>
| #endif
| #ifdef HAVE_STDLIB_H
| # include <stdlib.h>
| #endif
| #ifdef HAVE_STRING_H
| # include <string.h>
| #endif
| #ifdef HAVE_INTTYPES_H
| # include <inttypes.h>
| #endif
| #ifdef HAVE_STDINT_H
| # include <stdint.h>
| #endif
| #ifdef HAVE_STRINGS_H
| # include <strings.h>
| #endif
| #ifdef HAVE_SYS_TYPES_H
| # include <sys/types.h>
| #endif
| #ifdef HAVE_SYS_STAT_H
| # include <sys/stat.h>
| #endif
| #ifdef HAVE_UNISTD_H
| # include <unistd.h>
| #endif
| #include <net/bpf.h>
configure:15279: result: no
configure:15285: checking for syslog.h
configure:15285: gcc -c   conftest.c >&5
configure:15285: $? = 0
configure:15285: result: yes
configure:15291: checking for unistd.h
configure:15291: result: yes
configure:15297: checking for assert.h
configure:15297: gcc -c   conftest.c >&5
configure:15297: $? = 0
configure:15297: result: yes
configure:15306: checking for an ANSI C-conforming const
configure:15373: gcc -c   conftest.c >&5
configure:15373: $? = 0
configure:15381: result: yes
configure:15390: checking for pid_t
configure:15390: gcc -c   conftest.c >&5
configure:15390: $? = 0
configure:15390: gcc -c   conftest.c >&5
conftest.c: In function 'main':
conftest.c:78:20: error: expected expression before ')' token
   78 | if (sizeof ((pid_t)))
      |                    ^
configure:15390: $? = 1
configure: failed program was:
| /* confdefs.h */
| #define PACKAGE_NAME ""
| #define PACKAGE_TARNAME ""
| #define PACKAGE_VERSION ""
| #define PACKAGE_STRING ""
| #define PACKAGE_BUGREPORT ""
| #define PACKAGE_URL ""
| #define PACKAGE "honeyd"
| #define VERSION "1.6d"
| #define HAVE_STDIO_H 1
| #define HAVE_STDLIB_H 1
| #define HAVE_STRING_H 1
| #define HAVE_INTTYPES_H 1
| #define HAVE_STDINT_H 1
| #define HAVE_STRINGS_H 1
| #define HAVE_SYS_STAT_H 1
| #define HAVE_SYS_TYPES_H 1
| #define HAVE_UNISTD_H 1
| #define HAVE_SYS_TIME_H 1
| #define STDC_HEADERS 1
| #define HAVE_DLFCN_H 1
| #define LT_OBJDIR ".libs/"
| #define YYTEXT_POINTER 1
| #define HAVE_PCAP_GET_SELECTABLE_FD 1
| #define HAVE_DUMBNET 1
| #define HAVE_LIBEVENT 1
| #define HAVE_LIBEDIT 1
| #define HAVE_LIBZ 1
| #define HAVE_SYS_WAIT_H 1
| #define HAVE_STDARG_H 1
| #define HAVE_ERRNO_H 1
| #define HAVE_FCNTL_H 1
| #define HAVE_PATHS_H 1
| #define HAVE_STDLIB_H 1
| #define HAVE_STRING_H 1
| #define HAVE_TIME_H 1
| #define HAVE_SYS_IOCTL_H 1
| #define HAVE_SYS_PARAM_H 1
| #define HAVE_SYS_SOCKET_H 1
| #define HAVE_SYS_TIME_H 1
| #define HAVE_SYS_FILE_H 1
| #define HAVE_SYSLOG_H 1
| #define HAVE_UNISTD_H 1
| #define HAVE_ASSERT_H 1
| /* end confdefs.h.  */
| #include <stddef.h>
| #ifdef HAVE_STDIO_H
| # include <stdio.h>
| #endif
| #ifdef HAVE_STDLIB_H
| # include <stdlib.h>
| #endif
| #ifdef HAVE_STRING_H
| # include <string.h>
| #endif
| #ifdef HAVE_INTTYPES_H
| # include <inttypes.h>
| #endif
| #ifdef HAVE_STDINT_H
| # include <stdint.h>
| #endif
| #ifdef HAVE_STRINGS_H
| # include <strings.h>
| #endif
| #ifdef HAVE_SYS_TYPES_H
| # include <sys/types.h>
| #endif
| #ifdef HAVE_SYS_STAT_H
| # include <sys/stat.h>
| #endif
| #ifdef HAVE_UNISTD_H
| # include <unistd.h>
| #endif
| 
| int
| main (void)
| {
| if (sizeof ((pid_t)))
| 	    return 0;
|   ;
|   return 0;
| }
configure:15390: result: yes
configure:15426: checking for size_t
configure:15426: gcc -c   conftest.c >&5
configure:15426: $? = 0
configure:15426: gcc -c   conftest.c >&5
conftest.c: In function 'main':
conftest.c:77:21: error: expected expression before ')' token
   77 | if (sizeof ((size_t)))
      |                     ^
configure:15426: $? = 1
configure: failed program was:
| /* confdefs.h */
| #define PACKAGE_NAME ""
| #define PACKAGE_TARNAME ""
| #define PACKAGE_VERSION ""
| #define PACKAGE_STRING ""
| #define PACKAGE_BUGREPORT ""
| #define PACKAGE_URL ""
| #define PACKAGE "honeyd"
| #define VERSION "1.6d"
| #define HAVE_STDIO_H 1
| #define HAVE_STDLIB_H 1
| #define HAVE_STRING_H 1
| #define HAVE_INTTYPES_H 1
| #define HAVE_STDINT_H 1
| #define HAVE_STRINGS_H 1
| #define HAVE_SYS_STAT_H 1
| #define HAVE_SYS_TYPES_H 1
| #define HAVE_UNISTD_H 1
| #define HAVE_SYS_TIME_H 1
| #define STDC_HEADERS 1
| #define HAVE_DLFCN_H 1
| #define LT_OBJDIR ".libs/"
| #define YYTEXT_POINTER 1
| #define HAVE_PCAP_GET_SELECTABLE_FD 1
| #define HAVE_DUMBNET 1
| #define HAVE_LIBEVENT 1
| #define HAVE_LIBEDIT 1
| #define HAVE_LIBZ 1
| #define HAVE_SYS_WAIT_H 1
| #define HAVE_STDARG_H 1
| #define HAVE_ERRNO_H 1
| #define HAVE_FCNTL_H 1
| #define HAVE_PATHS_H 1
| #define HAVE_STDLIB_H 1
| #define HAVE_STRING_H 1
| #define HAVE_TIME_H 1
| #define HAVE_SYS_IOCTL_H 1
| #define HAVE_SYS_PARAM_H 1
| #define HAVE_SYS_SOCKET_H 1
| #define HAVE_SYS_TIME_H 1
| #define HAVE_SYS_FILE_H 1
| #define HAVE_SYSLOG_H 1
| #define HAVE_UNISTD_H 1
| #define HAVE_ASSERT_H 1
| /* end confdefs.h.  */
| #include <stddef.h>
| #ifdef HAVE_STDIO_H
| # include <stdio.h>
| #endif
| #ifdef HAVE_STDLIB_H
| # include <stdlib.h>
| #endif
| #ifdef HAVE_STRING_H
| # include <string.h>
| #endif
| #ifdef HAVE_INTTYPES_H
| # include <inttypes.h>
| #endif
| #ifdef HAVE_STDINT_H
| # include <stdint.h>
| #endif
| #ifdef HAVE_STRINGS_H
| # include <strings.h>
| #endif
| #ifdef HAVE_SYS_TYPES_H
| # include <sys/types.h>
| #endif
| #ifdef HAVE_SYS_STAT_H
| # include <sys/stat.h>
| #endif
| #ifdef HAVE_UNISTD_H
| # include <unistd.h>
| #endif
| int
| main (void)
| {
| if (sizeof ((size_t)))
| 	    return 0;
|   ;
|   return 0;
| }
configure:15426: result: yes
configure:15441: checking how to run the C preprocessor
configure:15467: gcc -E  conftest.c
configure:15467: $? = 0
configure:15482: gcc -E  conftest.c
conftest.c:46:10: fatal error: ac_nonexistent.h: No such file or directory
   46 | #include <ac_nonexistent.h>
      |          ^~~~~~~~~~~~~~~~~~
compilation terminated.
configure:15482: $? = 1
configure: failed program was:
| /* confdefs.h */
| #define PACKAGE_NAME ""
| #define PACKAGE_TARNAME ""
| #define PACKAGE_VERSION ""
| #define PACKAGE_STRING ""
| #define PACKAGE_BUGREPORT ""
| #define PACKAGE_URL ""
| #define PACKAGE "honeyd"
| #define VERSION "1.6d"
| #define HAVE_STDIO_H 1
| #define HAVE_STDLIB_H 1
| #define HAVE_STRING_H 1
| #define HAVE_INTTYPES_H 1
| #define HAVE_STDINT_H 1
| #define HAVE_STRINGS_H 1
| #define HAVE_SYS_STAT_H 1
| #define HAVE_SYS_TYPES_H 1
| #define HAVE_UNISTD_H 1
| #define HAVE_SYS_TIME_H 1
| #define STDC_HEADERS 1
| #define HAVE_DLFCN_H 1
| #define LT_OBJDIR ".libs/"
| #define YYTEXT_POINTER 1
| #define HAVE_PCAP_GET_SELECTABLE_FD 1
| #define HAVE_DUMBNET 1
| #define HAVE_LIBEVENT 1
| #define HAVE_LIBEDIT 1
| #define HAVE_LIBZ 1
| #define HAVE_SYS_WAIT_H 1
| #define HAVE_STDARG_H 1
| #define HAVE_ERRNO_H 1
| #define HAVE_FCNTL_H 1
| #define HAVE_PATHS_H 1
| #define HAVE_STDLIB_H 1
| #define HAVE_STRING_H 1
| #define HAVE_TIME_H 1
| #define HAVE_SYS_IOCTL_H 1
| #define HAVE_SYS_PARAM_H 1
| #define HAVE_SYS_SOCKET_H 1
| #define HAVE_SYS_TIME_H 1
| #define HAVE_SYS_FILE_H 1
| #define HAVE_SYSLOG_H 1
| #define HAVE_UNISTD_H 1
| #define HAVE_ASSERT_H 1
| /* end confdefs.h.  */
| #include <ac_nonexistent.h>
configure:15509: result: gcc -E
configure:15523: gcc -E  conftest.c
configure:15523: $? = 0
configure:15538: gcc -E  conftest.c
conftest.c:46:10: fatal error: ac_nonexistent.h: No such file or directory
   46 | #include <ac_nonexistent.h>
      |          ^~~~~~~~~~~~~~~~~~
compilation terminated.
configure:15538: $? = 1
configure: failed program was:
| /* confdefs.h */
| #define PACKAGE_NAME ""
| #define PACKAGE_TARNAME ""
| #define PACKAGE_VERSION ""
| #define PACKAGE_STRING ""
| #define PACKAGE_BUGREPORT ""
| #define PACKAGE_URL ""
| #define PACKAGE "honeyd"
| #define VERSION "1.6d"
| #define HAVE_STDIO_H 1
| #define HAVE_STDLIB_H 1
| #define HAVE_STRING_H 1
| #define HAVE_INTTYPES_H 1
| #define HAVE_STDINT_H 1
| #define HAVE_STRINGS_H 1
| #define HAVE_SYS_STAT_H 1
| #define HAVE_SYS_TYPES_H 1
| #define HAVE_UNISTD_H 1
| #define HAVE_SYS_TIME_H 1
| #define STDC_HEADERS 1
| #define HAVE_DLFCN_H 1
| #define LT_OBJDIR ".libs/"
| #define YYTEXT_POINTER 1
| #define HAVE_PCAP_GET_SELECTABLE_FD 1
| #define HAVE_DUMBNET 1
| #define HAVE_LIBEVENT 1
| #define HAVE_LIBEDIT 1
| #define HAVE_LIBZ 1
| #define HAVE_SYS_WAIT_H 1
| #define HAVE_STDARG_H 1
| #define HAVE_ERRNO_H 1
| #define HAVE_FCNTL_H 1
| #define HAVE_PATHS_H 1
| #define HAVE_STDLIB_H 1
| #define HAVE_STRING_H 1
| #define HAVE_TIME_H 1
| #define HAVE_SYS_IOCTL_H 1
| #define HAVE_SYS_PARAM_H 1
| #define HAVE_SYS_SOCKET_H 1
| #define HAVE_SYS_TIME_H 1
| #define HAVE_SYS_FILE_H 1
| #define HAVE_SYSLOG_H 1
| #define HAVE_UNISTD_H 1
| #define HAVE_ASSERT_H 1
| /* end confdefs.h.  */
| #include <ac_nonexistent.h>
configure:15569: checking for uid_t in sys/types.h
configure:15590: result: yes
configure:15601: checking for u_int
configure:15601: gcc -c   conftest.c >&5
configure:15601: $? = 0
configure:15601: gcc -c   conftest.c >&5
conftest.c: In function 'main':
conftest.c:77:20: error: expected expression before ')' token
   77 | if (sizeof ((u_int)))
      |                    ^
configure:15601: $? = 1
configure: failed program was:
| /* confdefs.h */
| #define PACKAGE_NAME ""
| #define PACKAGE_TARNAME ""
| #define PACKAGE_VERSION ""
| #define PACKAGE_STRING ""
| #define PACKAGE_BUGREPORT ""
| #define PACKAGE_URL ""
| #define PACKAGE "honeyd"
| #define VERSION "1.6d"
| #define HAVE_STDIO_H 1
| #define HAVE_STDLIB_H 1
| #define HAVE_STRING_H 1
| #define HAVE_INTTYPES_H 1
| #define HAVE_STDINT_H 1
| #define HAVE_STRINGS_H 1
| #define HAVE_SYS_STAT_H 1
| #define HAVE_SYS_TYPES_H 1
| #define HAVE_UNISTD_H 1
| #define HAVE_SYS_TIME_H 1
| #define STDC_HEADERS 1
| #define HAVE_DLFCN_H 1
| #define LT_OBJDIR ".libs/"
| #define YYTEXT_POINTER 1
| #define HAVE_PCAP_GET_SELECTABLE_FD 1
| #define HAVE_DUMBNET 1
| #define HAVE_LIBEVENT 1
| #define HAVE_LIBEDIT 1
| #define HAVE_LIBZ 1
| #define HAVE_SYS_WAIT_H 1
| #define HAVE_STDARG_H 1
| #define HAVE_ERRNO_H 1
| #define HAVE_FCNTL_H 1
| #define HAVE_PATHS_H 1
| #define HAVE_STDLIB_H 1
| #define HAVE_STRING_H 1
| #define HAVE_TIME_H 1
| #define HAVE_SYS_IOCTL_H 1
| #define HAVE_SYS_PARAM_H 1
| #define HAVE_SYS_SOCKET_H 1
| #define HAVE_SYS_TIME_H 1
| #define HAVE_SYS_FILE_H 1
| #define HAVE_SYSLOG_H 1
| #define HAVE_UNISTD_H 1
| #define HAVE_ASSERT_H 1
| /* end confdefs.h.  */
| #include <stddef.h>
| #ifdef HAVE_STDIO_H
| # include <stdio.h>
| #endif
| #ifdef HAVE_STDLIB_H
| # include <stdlib.h>
| #endif
| #ifdef HAVE_STRING_H
| # include <string.h>
| #endif
| #ifdef HAVE_INTTYPES_H
| # include <inttypes.h>
| #endif
| #ifdef HAVE_STDINT_H
| # include <stdint.h>
| #endif
| #ifdef HAVE_STRINGS_H
| # include <strings.h>
| #endif
| #ifdef HAVE_SYS_TYPES_H
| # include <sys/types.h>
| #endif
| #ifdef HAVE_SYS_STAT_H
| # include <sys/stat.h>
| #endif
| #ifdef HAVE_UNISTD_H
| # include <unistd.h>
| #endif
| int
| main (void)
| {
| if (sizeof ((u_int)))
| 	    return 0;
|   ;
|   return 0;
| }
configure:15601: result: yes
configure:15611: checking for u_int64_t
configure:15611: gcc -c   conftest.c >&5
configure:15611: $? = 0
configure:15611: gcc -c   conftest.c >&5
conftest.c: In function 'main':
conftest.c:77:24: error: expected expression before ')' token
   77 | if (sizeof ((u_int64_t)))
      |                        ^
configure:15611: $? = 1
configure: failed program was:
| /* confdefs.h */
| #define PACKAGE_NAME ""
| #define PACKAGE_TARNAME ""
| #define PACKAGE_VERSION ""
| #define PACKAGE_STRING ""
| #define PACKAGE_BUGREPORT ""
| #define PACKAGE_URL ""
| #define PACKAGE "honeyd"
| #define VERSION "1.6d"
| #define HAVE_STDIO_H 1
| #define HAVE_STDLIB_H 1
| #define HAVE_STRING_H 1
| #define HAVE_INTTYPES_H 1
| #define HAVE_STDINT_H 1
| #define HAVE_STRINGS_H 1
| #define HAVE_SYS_STAT_H 1
| #define HAVE_SYS_TYPES_H 1
| #define HAVE_UNISTD_H 1
| #define HAVE_SYS_TIME_H 1
| #define STDC_HEADERS 1
| #define HAVE_DLFCN_H 1
| #define LT_OBJDIR ".libs/"
| #define YYTEXT_POINTER 1
| #define HAVE_PCAP_GET_SELECTABLE_FD 1
| #define HAVE_DUMBNET 1
| #define HAVE_LIBEVENT 1
| #define HAVE_LIBEDIT 1
| #define HAVE_LIBZ 1
| #define HAVE_SYS_WAIT_H 1
| #define HAVE_STDARG_H 1
| #define HAVE_ERRNO_H 1
| #define HAVE_FCNTL_H 1
| #define HAVE_PATHS_H 1
| #define HAVE_STDLIB_H 1
| #define HAVE_STRING_H 1
| #define HAVE_TIME_H 1
| #define HAVE_SYS_IOCTL_H 1
| #define HAVE_SYS_PARAM_H 1
| #define HAVE_SYS_SOCKET_H 1
| #define HAVE_SYS_TIME_H 1
| #define HAVE_SYS_FILE_H 1
| #define HAVE_SYSLOG_H 1
| #define HAVE_UNISTD_H 1
| #define HAVE_ASSERT_H 1
| /* end confdefs.h.  */
| #include <stddef.h>
| #ifdef HAVE_STDIO_H
| # include <stdio.h>
| #endif
| #ifdef HAVE_STDLIB_H
| # include <stdlib.h>
| #endif
| #ifdef HAVE_STRING_H
| # include <string.h>
| #endif
| #ifdef HAVE_INTTYPES_H
| # include <inttypes.h>
| #endif
| #ifdef HAVE_STDINT_H
| # include <stdint.h>
| #endif
| #ifdef HAVE_STRINGS_H
| # include <strings.h>
| #endif
| #ifdef HAVE_SYS_TYPES_H
| # include <sys/types.h>
| #endif
| #ifdef HAVE_SYS_STAT_H
| # include <sys/stat.h>
| #endif
| #ifdef HAVE_UNISTD_H
| # include <unistd.h>
| #endif
| int
| main (void)
| {
| if (sizeof ((u_int64_t)))
| 	    return 0;
|   ;
|   return 0;
| }
configure:15611: result: yes
configure:15621: checking for u_int32_t
configure:15621: gcc -c   conftest.c >&5
configure:15621: $? = 0
configure:15621: gcc -c   conftest.c >&5
conftest.c: In function 'main':
conftest.c:77:24: error: expected expression before ')' token
   77 | if (sizeof ((u_int32_t)))
      |                        ^
configure:15621: $? = 1
configure: failed program was:
| /* confdefs.h */
| #define PACKAGE_NAME ""
| #define PACKAGE_TARNAME ""
| #define PACKAGE_VERSION ""
| #define PACKAGE_STRING ""
| #define PACKAGE_BUGREPORT ""
| #define PACKAGE_URL ""
| #define PACKAGE "honeyd"
| #define VERSION "1.6d"
| #define HAVE_STDIO_H 1
| #define HAVE_STDLIB_H 1
| #define HAVE_STRING_H 1
| #define HAVE_INTTYPES_H 1
| #define HAVE_STDINT_H 1
| #define HAVE_STRINGS_H 1
| #define HAVE_SYS_STAT_H 1
| #define HAVE_SYS_TYPES_H 1
| #define HAVE_UNISTD_H 1
| #define HAVE_SYS_TIME_H 1
| #define STDC_HEADERS 1
| #define HAVE_DLFCN_H 1
| #define LT_OBJDIR ".libs/"
| #define YYTEXT_POINTER 1
| #define HAVE_PCAP_GET_SELECTABLE_FD 1
| #define HAVE_DUMBNET 1
| #define HAVE_LIBEVENT 1
| #define HAVE_LIBEDIT 1
| #define HAVE_LIBZ 1
| #define HAVE_SYS_WAIT_H 1
| #define HAVE_STDARG_H 1
| #define HAVE_ERRNO_H 1
| #define HAVE_FCNTL_H 1
| #define HAVE_PATHS_H 1
| #define HAVE_STDLIB_H 1
| #define HAVE_STRING_H 1
| #define HAVE_TIME_H 1
| #define HAVE_SYS_IOCTL_H 1
| #define HAVE_SYS_PARAM_H 1
| #define HAVE_SYS_SOCKET_H 1
| #define HAVE_SYS_TIME_H 1
| #define HAVE_SYS_FILE_H 1
| #define HAVE_SYSLOG_H 1
| #define HAVE_UNISTD_H 1
| #define HAVE_ASSERT_H 1
| /* end confdefs.h.  */
| #include <stddef.h>
| #ifdef HAVE_STDIO_H
| # include <stdio.h>
| #endif
| #ifdef HAVE_STDLIB_H
| # include <stdlib.h>
| #endif
| #ifdef HAVE_STRING_H
| # include <string.h>
| #endif
| #ifdef HAVE_INTTYPES_H
| # include <inttypes.h>
| #endif
| #ifdef HAVE_STDINT_H
| # include <stdint.h>
| #endif
| #ifdef HAVE_STRINGS_H
| # include <strings.h>
| #endif
| #ifdef HAVE_SYS_TYPES_H
| # include <sys/types.h>
| #endif
| #ifdef HAVE_SYS_STAT_H
| # include <sys/stat.h>
| #endif
| #ifdef HAVE_UNISTD_H
| # include <unistd.h>
| #endif
| int
| main (void)
| {
| if (sizeof ((u_int32_t)))
| 	    return 0;
|   ;
|   return 0;
| }
configure:15621: result: yes
configure:15631: checking for u_int16_t
configure:15631: gcc -c   conftest.c >&5
configure:15631: $? = 0
configure:15631: gcc -c   conftest.c >&5
conftest.c: In function 'main':
conftest.c:77:24: error: expected expression before ')' token
   77 | if (sizeof ((u_int16_t)))
      |                        ^
configure:15631: $? = 1
configure: failed program was:
| /* confdefs.h */
| #define PACKAGE_NAME ""
| #define PACKAGE_TARNAME ""
| #define PACKAGE_VERSION ""
| #define PACKAGE_STRING ""
| #define PACKAGE_BUGREPORT ""
| #define PACKAGE_URL ""
| #define PACKAGE "honeyd"
| #define VERSION "1.6d"
| #define HAVE_STDIO_H 1
| #define HAVE_STDLIB_H 1
| #define HAVE_STRING_H 1
| #define HAVE_INTTYPES_H 1
| #define HAVE_STDINT_H 1
| #define HAVE_STRINGS_H 1
| #define HAVE_SYS_STAT_H 1
| #define HAVE_SYS_TYPES_H 1
| #define HAVE_UNISTD_H 1
| #define HAVE_SYS_TIME_H 1
| #define STDC_HEADERS 1
| #define HAVE_DLFCN_H 1
| #define LT_OBJDIR ".libs/"
| #define YYTEXT_POINTER 1
| #define HAVE_PCAP_GET_SELECTABLE_FD 1
| #define HAVE_DUMBNET 1
| #define HAVE_LIBEVENT 1
| #define HAVE_LIBEDIT 1
| #define HAVE_LIBZ 1
| #define HAVE_SYS_WAIT_H 1
| #define HAVE_STDARG_H 1
| #define HAVE_ERRNO_H 1
| #define HAVE_FCNTL_H 1
| #define HAVE_PATHS_H 1
| #define HAVE_STDLIB_H 1
| #define HAVE_STRING_H 1
| #define HAVE_TIME_H 1
| #define HAVE_SYS_IOCTL_H 1
| #define HAVE_SYS_PARAM_H 1
| #define HAVE_SYS_SOCKET_H 1
| #define HAVE_SYS_TIME_H 1
| #define HAVE_SYS_FILE_H 1
| #define HAVE_SYSLOG_H 1
| #define HAVE_UNISTD_H 1
| #define HAVE_ASSERT_H 1
| /* end confdefs.h.  */
| #include <stddef.h>
| #ifdef HAVE_STDIO_H
| # include <stdio.h>
| #endif
| #ifdef HAVE_STDLIB_H
| # include <stdlib.h>
| #endif
| #ifdef HAVE_STRING_H
| # include <string.h>
| #endif
| #ifdef HAVE_INTTYPES_H
| # include <inttypes.h>
| #endif
| #ifdef HAVE_STDINT_H
| # include <stdint.h>
| #endif
| #ifdef HAVE_STRINGS_H
| # include <strings.h>
| #endif
| #ifdef HAVE_SYS_TYPES_H
| # include <sys/types.h>
| #endif
| #ifdef HAVE_SYS_STAT_H
| # include <sys/stat.h>
| #endif
| #ifdef HAVE_UNISTD_H
| # include <unistd.h>
| #endif
| int
| main (void)
| {
| if (sizeof ((u_int16_t)))
| 	    return 0;
|   ;
|   return 0;
| }
configure:15631: result: yes
configure:15641: checking for u_int8_t
configure:15641: gcc -c   conftest.c >&5
configure:15641: $? = 0
configure:15641: gcc -c   conftest.c >&5
conftest.c: In function 'main':
conftest.c:77:23: error: expected expression before ')' token
   77 | if (sizeof ((u_int8_t)))
      |                       ^
configure:15641: $? = 1
configure: failed program was:
| /* confdefs.h */
| #define PACKAGE_NAME ""
| #define PACKAGE_TARNAME ""
| #define PACKAGE_VERSION ""
| #define PACKAGE_STRING ""
| #define PACKAGE_BUGREPORT ""
| #define PACKAGE_URL ""
| #define PACKAGE "honeyd"
| #define VERSION "1.6d"
| #define HAVE_STDIO_H 1
| #define HAVE_STDLIB_H 1
| #define HAVE_STRING_H 1
| #define HAVE_INTTYPES_H 1
| #define HAVE_STDINT_H 1
| #define HAVE_STRINGS_H 1
| #define HAVE_SYS_STAT_H 1
| #define HAVE_SYS_TYPES_H 1
| #define HAVE_UNISTD_H 1
| #define HAVE_SYS_TIME_H 1
| #define STDC_HEADERS 1
| #define HAVE_DLFCN_H 1
| #define LT_OBJDIR ".libs/"
| #define YYTEXT_POINTER 1
| #define HAVE_PCAP_GET_SELECTABLE_FD 1
| #define HAVE_DUMBNET 1
| #define HAVE_LIBEVENT 1
| #define HAVE_LIBEDIT 1
| #define HAVE_LIBZ 1
| #define HAVE_SYS_WAIT_H 1
| #define HAVE_STDARG_H 1
| #define HAVE_ERRNO_H 1
| #define HAVE_FCNTL_H 1
| #define HAVE_PATHS_H 1
| #define HAVE_STDLIB_H 1
| #define HAVE_STRING_H 1
| #define HAVE_TIME_H 1
| #define HAVE_SYS_IOCTL_H 1
| #define HAVE_SYS_PARAM_H 1
| #define HAVE_SYS_SOCKET_H 1
| #define HAVE_SYS_TIME_H 1
| #define HAVE_SYS_FILE_H 1
| #define HAVE_SYSLOG_H 1
| #define HAVE_UNISTD_H 1
| #define HAVE_ASSERT_H 1
| /* end confdefs.h.  */
| #include <stddef.h>
| #ifdef HAVE_STDIO_H
| # include <stdio.h>
| #endif
| #ifdef HAVE_STDLIB_H
| # include <stdlib.h>
| #endif
| #ifdef HAVE_STRING_H
| # include <string.h>
| #endif
| #ifdef HAVE_INTTYPES_H
| # include <inttypes.h>
| #endif
| #ifdef HAVE_STDINT_H
| # include <stdint.h>
| #endif
| #ifdef HAVE_STRINGS_H
| # include <strings.h>
| #endif
| #ifdef HAVE_SYS_TYPES_H
| # include <sys/types.h>
| #endif
| #ifdef HAVE_SYS_STAT_H
| # include <sys/stat.h>
| #endif
| #ifdef HAVE_UNISTD_H
| # include <unistd.h>
| #endif
| int
| main (void)
| {
| if (sizeof ((u_int8_t)))
| 	    return 0;
|   ;
|   return 0;
| }
configure:15641: result: yes
configure:15664: checking whether gcc needs -traditional
configure:15701: result: no
configure:15708: checking return type of signal handlers
configure:15727: gcc -c   conftest.c >&5
conftest.c: In function 'main':
conftest.c:53:10: error: void value not ignored as it ought to be
   53 | return *(signal (0, 0)) (0) == 1;
      |         ~^~~~~~~~~~~~~~~~~~
configure:15727: $? = 1
configure: failed program was:
| /* confdefs.h */
| #define PACKAGE_NAME ""
| #define PACKAGE_TARNAME ""
| #define PACKAGE_VERSION ""
| #define PACKAGE_STRING ""
| #define PACKAGE_BUGREPORT ""
| #define PACKAGE_URL ""
| #define PACKAGE "honeyd"
| #define VERSION "1.6d"
| #define HAVE_STDIO_H 1
| #define HAVE_STDLIB_H 1
| #define HAVE_STRING_H 1
| #define HAVE_INTTYPES_H 1
| #define HAVE_STDINT_H 1
| #define HAVE_STRINGS_H 1
| #define HAVE_SYS_STAT_H 1
| #define HAVE_SYS_TYPES_H 1
| #define HAVE_UNISTD_H 1
| #define HAVE_SYS_TIME_H 1
| #define STDC_HEADERS 1
| #define HAVE_DLFCN_H 1
| #define LT_OBJDIR ".libs/"
| #define YYTEXT_POINTER 1
| #define HAVE_PCAP_GET_SELECTABLE_FD 1
| #define HAVE_DUMBNET 1
| #define HAVE_LIBEVENT 1
| #define HAVE_LIBEDIT 1
| #define HAVE_LIBZ 1
| #define HAVE_SYS_WAIT_H 1
| #define HAVE_STDARG_H 1
| #define HAVE_ERRNO_H 1
| #define HAVE_FCNTL_H 1
| #define HAVE_PATHS_H 1
| #define HAVE_STDLIB_H 1
| #define HAVE_STRING_H 1
| #define HAVE_TIME_H 1
| #define HAVE_SYS_IOCTL_H 1
| #define HAVE_SYS_PARAM_H 1
| #define HAVE_SYS_SOCKET_H 1
| #define HAVE_SYS_TIME_H 1
| #define HAVE_SYS_FILE_H 1
| #define HAVE_SYSLOG_H 1
| #define HAVE_UNISTD_H 1
| #define HAVE_ASSERT_H 1
| #define TIME_WITH_SYS_TIME 1
| /* end confdefs.h.  */
| #include <sys/types.h>
| #include <signal.h>
| 
| int
| main (void)
| {
| return *(signal (0, 0)) (0) == 1;
|   ;
|   return 0;
| }
configure:15735: result: void
configure:15745: checking for vprintf
configure:15745: gcc -o conftest    conftest.c  >&5
conftest.c:64:6: warning: conflicting types for built-in function 'vprintf'; expected 'int(const char *, __va_list_tag *)' [-Wbuiltin-declaration-mismatch]
   64 | char vprintf ();
      |      ^~~~~~~
conftest.c:56:1: note: 'vprintf' is declared in header '<stdio.h>'
   55 | #include <limits.h>
   56 | #undef vprintf
configure:15745: $? = 0
configure:15745: result: yes
configure:15766: checking for asprintf
configure:15766: gcc -o conftest    conftest.c  >&5
configure:15766: $? = 0
configure:15766: result: yes
configure:15772: checking for dup2
configure:15772: gcc -o conftest    conftest.c  >&5
configure:15772: $? = 0
configure:15772: result: yes
configure:15778: checking for fgetln
configure:15778: gcc -o conftest    conftest.c  >&5
/usr/bin/ld: /tmp/ccaCMxNf.o: in function `main':
conftest.c:(.text+0xe): undefined reference to `fgetln'
collect2: error: ld returned 1 exit status
configure:15778: $? = 1
configure: failed program was:
| /* confdefs.h */
| #define PACKAGE_NAME ""
| #define PACKAGE_TARNAME ""
| #define PACKAGE_VERSION ""
| #define PACKAGE_STRING ""
| #define PACKAGE_BUGREPORT ""
| #define PACKAGE_URL ""
| #define PACKAGE "honeyd"
| #define VERSION "1.6d"
| #define HAVE_STDIO_H 1
| #define HAVE_STDLIB_H 1
| #define HAVE_STRING_H 1
| #define HAVE_INTTYPES_H 1
| #define HAVE_STDINT_H 1
| #define HAVE_STRINGS_H 1
| #define HAVE_SYS_STAT_H 1
| #define HAVE_SYS_TYPES_H 1
| #define HAVE_UNISTD_H 1
| #define HAVE_SYS_TIME_H 1
| #define STDC_HEADERS 1
| #define HAVE_DLFCN_H 1
| #define LT_OBJDIR ".libs/"
| #define YYTEXT_POINTER 1
| #define HAVE_PCAP_GET_SELECTABLE_FD 1
| #define HAVE_DUMBNET 1
| #define HAVE_LIBEVENT 1
| #define HAVE_LIBEDIT 1
| #define HAVE_LIBZ 1
| #define HAVE_SYS_WAIT_H 1
| #define HAVE_STDARG_H 1
| #define HAVE_ERRNO_H 1
| #define HAVE_FCNTL_H 1
| #define HAVE_PATHS_H 1
| #define HAVE_STDLIB_H 1
| #define HAVE_STRING_H 1
| #define HAVE_TIME_H 1
| #define HAVE_SYS_IOCTL_H 1
| #define HAVE_SYS_PARAM_H 1
| #define HAVE_SYS_SOCKET_H 1
| #define HAVE_SYS_TIME_H 1
| #define HAVE_SYS_FILE_H 1
| #define HAVE_SYSLOG_H 1
| #define HAVE_UNISTD_H 1
| #define HAVE_ASSERT_H 1
| #define TIME_WITH_SYS_TIME 1
| #define RETSIGTYPE void
| #define HAVE_VPRINTF 1
| #define HAVE_ASPRINTF 1
| #define HAVE_DUP2 1
| /* end confdefs.h.  */
| /* Define fgetln to an innocuous variant, in case <limits.h> declares fgetln.
|    For example, HP-UX 11i <limits.h> declares gettimeofday.  */
| #define fgetln innocuous_fgetln
| 
| /* System header to define __stub macros and hopefully few prototypes,
|    which can conflict with char fgetln (); below.  */
| 
| #include <limits.h>
| #undef fgetln
| 
| /* Override any GCC internal prototype to avoid an error.
|    Use char because int might match the return type of a GCC
|    builtin and then its argument prototype would still apply.  */
| #ifdef __cplusplus
| extern "C"
| #endif
| char fgetln ();
| /* The GNU C library defines this for functions which it implements
|     to always fail with ENOSYS.  Some functions are actually named
|     something starting with __ and the normal name is an alias.  */
| #if defined __stub_fgetln || defined __stub___fgetln
| choke me
| #endif
| 
| int
| main (void)
| {
| return fgetln ();
|   ;
|   return 0;
| }
configure:15778: result: no
configure:15784: checking for gettimeofday
configure:15784: gcc -o conftest    conftest.c  >&5
configure:15784: $? = 0
configure:15784: result: yes
configure:15790: checking for memmove
configure:15790: gcc -o conftest    conftest.c  >&5
conftest.c:68:6: warning: conflicting types for built-in function 'memmove'; expected 'void *(void *, const void *, long unsigned int)' [-Wbuiltin-declaration-mismatch]
   68 | char memmove ();
      |      ^~~~~~~
conftest.c:60:1: note: 'memmove' is declared in header '<string.h>'
   59 | #include <limits.h>
   60 | #undef memmove
configure:15790: $? = 0
configure:15790: result: yes
configure:15796: checking for memset
configure:15796: gcc -o conftest    conftest.c  >&5
conftest.c:69:6: warning: conflicting types for built-in function 'memset'; expected 'void *(void *, int,  long unsigned int)' [-Wbuiltin-declaration-mismatch]
   69 | char memset ();
      |      ^~~~~~
conftest.c:61:1: note: 'memset' is declared in header '<string.h>'
   60 | #include <limits.h>
   61 | #undef memset
configure:15796: $? = 0
configure:15796: result: yes
configure:15802: checking for strcasecmp
configure:15802: gcc -o conftest    conftest.c  >&5
conftest.c:70:6: warning: conflicting types for built-in function 'strcasecmp'; expected 'int(const char *, const char *)' [-Wbuiltin-declaration-mismatch]
   70 | char strcasecmp ();
      |      ^~~~~~~~~~
configure:15802: $? = 0
configure:15802: result: yes
configure:15808: checking for strchr
configure:15808: gcc -o conftest    conftest.c  >&5
conftest.c:71:6: warning: conflicting types for built-in function 'strchr'; expected 'char *(const char *, int)' [-Wbuiltin-declaration-mismatch]
   71 | char strchr ();
      |      ^~~~~~
conftest.c:63:1: note: 'strchr' is declared in header '<string.h>'
   62 | #include <limits.h>
   63 | #undef strchr
configure:15808: $? = 0
configure:15808: result: yes
configure:15814: checking for strdup
configure:15814: gcc -o conftest    conftest.c  >&5
conftest.c:72:6: warning: conflicting types for built-in function 'strdup'; expected 'char *(const char *)' [-Wbuiltin-declaration-mismatch]
   72 | char strdup ();
      |      ^~~~~~
configure:15814: $? = 0
configure:15814: result: yes
configure:15820: checking for strncasecmp
configure:15820: gcc -o conftest    conftest.c  >&5
conftest.c:73:6: warning: conflicting types for built-in function 'strncasecmp'; expected 'int(const char *, const char *, long unsigned int)' [-Wbuiltin-declaration-mismatch]
   73 | char strncasecmp ();
      |      ^~~~~~~~~~~
configure:15820: $? = 0
configure:15820: result: yes
configure:15826: checking for strtoul
configure:15826: gcc -o conftest    conftest.c  >&5
configure:15826: $? = 0
configure:15826: result: yes
configure:15832: checking for strspn
configure:15832: gcc -o conftest    conftest.c  >&5
conftest.c:75:6: warning: conflicting types for built-in function 'strspn'; expected 'long unsigned int(const char *, const char *)' [-Wbuiltin-declaration-mismatch]
   75 | char strspn ();
      |      ^~~~~~
conftest.c:67:1: note: 'strspn' is declared in header '<string.h>'
   66 | #include <limits.h>
   67 | #undef strspn
configure:15832: $? = 0
configure:15832: result: yes
configure:15838: checking for getaddrinfo
configure:15838: gcc -o conftest    conftest.c  >&5
configure:15838: $? = 0
configure:15838: result: yes
configure:15844: checking for getnameinfo
configure:15844: gcc -o conftest    conftest.c  >&5
configure:15844: $? = 0
configure:15844: result: yes
configure:15850: checking for freeaddrinfo
configure:15850: gcc -o conftest    conftest.c  >&5
configure:15850: $? = 0
configure:15850: result: yes
configure:15856: checking for setgroups
configure:15856: gcc -o conftest    conftest.c  >&5
configure:15856: $? = 0
configure:15856: result: yes
configure:15862: checking for sendmsg
configure:15862: gcc -o conftest    conftest.c  >&5
configure:15862: $? = 0
configure:15862: result: yes
configure:15868: checking for recvmsg
configure:15868: gcc -o conftest    conftest.c  >&5
configure:15868: $? = 0
configure:15868: result: yes
configure:15874: checking for setregid
configure:15874: gcc -o conftest    conftest.c  >&5
configure:15874: $? = 0
configure:15874: result: yes
configure:15880: checking for setruid
configure:15880: gcc -o conftest    conftest.c  >&5
/usr/bin/ld: /tmp/ccaQ1UG5.o: in function `main':
conftest.c:(.text+0xe): undefined reference to `setruid'
collect2: error: ld returned 1 exit status
configure:15880: $? = 1
configure: failed program was:
| /* confdefs.h */
| #define PACKAGE_NAME ""
| #define PACKAGE_TARNAME ""
| #define PACKAGE_VERSION ""
| #define PACKAGE_STRING ""
| #define PACKAGE_BUGREPORT ""
| #define PACKAGE_URL ""
| #define PACKAGE "honeyd"
| #define VERSION "1.6d"
| #define HAVE_STDIO_H 1
| #define HAVE_STDLIB_H 1
| #define HAVE_STRING_H 1
| #define HAVE_INTTYPES_H 1
| #define HAVE_STDINT_H 1
| #define HAVE_STRINGS_H 1
| #define HAVE_SYS_STAT_H 1
| #define HAVE_SYS_TYPES_H 1
| #define HAVE_UNISTD_H 1
| #define HAVE_SYS_TIME_H 1
| #define STDC_HEADERS 1
| #define HAVE_DLFCN_H 1
| #define LT_OBJDIR ".libs/"
| #define YYTEXT_POINTER 1
| #define HAVE_PCAP_GET_SELECTABLE_FD 1
| #define HAVE_DUMBNET 1
| #define HAVE_LIBEVENT 1
| #define HAVE_LIBEDIT 1
| #define HAVE_LIBZ 1
| #define HAVE_SYS_WAIT_H 1
| #define HAVE_STDARG_H 1
| #define HAVE_ERRNO_H 1
| #define HAVE_FCNTL_H 1
| #define HAVE_PATHS_H 1
| #define HAVE_STDLIB_H 1
| #define HAVE_STRING_H 1
| #define HAVE_TIME_H 1
| #define HAVE_SYS_IOCTL_H 1
| #define HAVE_SYS_PARAM_H 1
| #define HAVE_SYS_SOCKET_H 1
| #define HAVE_SYS_TIME_H 1
| #define HAVE_SYS_FILE_H 1
| #define HAVE_SYSLOG_H 1
| #define HAVE_UNISTD_H 1
| #define HAVE_ASSERT_H 1
| #define TIME_WITH_SYS_TIME 1
| #define RETSIGTYPE void
| #define HAVE_VPRINTF 1
| #define HAVE_ASPRINTF 1
| #define HAVE_DUP2 1
| #define HAVE_GETTIMEOFDAY 1
| #define HAVE_MEMMOVE 1
| #define HAVE_MEMSET 1
| #define HAVE_STRCASECMP 1
| #define HAVE_STRCHR 1
| #define HAVE_STRDUP 1
| #define HAVE_STRNCASECMP 1
| #define HAVE_STRTOUL 1
| #define HAVE_STRSPN 1
| #define HAVE_GETADDRINFO 1
| #define HAVE_GETNAMEINFO 1
| #define HAVE_FREEADDRINFO 1
| #define HAVE_SETGROUPS 1
| #define HAVE_SENDMSG 1
| #define HAVE_RECVMSG 1
| #define HAVE_SETREGID 1
| /* end confdefs.h.  */
| /* Define setruid to an innocuous variant, in case <limits.h> declares setruid.
|    For example, HP-UX 11i <limits.h> declares gettimeofday.  */
| #define setruid innocuous_setruid
| 
| /* System header to define __stub macros and hopefully few prototypes,
|    which can conflict with char setruid (); below.  */
| 
| #include <limits.h>
| #undef setruid
| 
| /* Override any GCC internal prototype to avoid an error.
|    Use char because int might match the return type of a GCC
|    builtin and then its argument prototype would still apply.  */
| #ifdef __cplusplus
| extern "C"
| #endif
| char setruid ();
| /* The GNU C library defines this for functions which it implements
|     to always fail with ENOSYS.  Some functions are actually named
|     something starting with __ and the normal name is an alias.  */
| #if defined __stub_setruid || defined __stub___setruid
| choke me
| #endif
| 
| int
| main (void)
| {
| return setruid ();
|   ;
|   return 0;
| }
configure:15880: result: no
configure:15886: checking for kqueue
configure:15886: gcc -o conftest    conftest.c  >&5
/usr/bin/ld: /tmp/ccjyZNI7.o: in function `main':
conftest.c:(.text+0xe): undefined reference to `kqueue'
collect2: error: ld returned 1 exit status
configure:15886: $? = 1
configure: failed program was:
| /* confdefs.h */
| #define PACKAGE_NAME ""
| #define PACKAGE_TARNAME ""
| #define PACKAGE_VERSION ""
| #define PACKAGE_STRING ""
| #define PACKAGE_BUGREPORT ""
| #define PACKAGE_URL ""
| #define PACKAGE "honeyd"
| #define VERSION "1.6d"
| #define HAVE_STDIO_H 1
| #define HAVE_STDLIB_H 1
| #define HAVE_STRING_H 1
| #define HAVE_INTTYPES_H 1
| #define HAVE_STDINT_H 1
| #define HAVE_STRINGS_H 1
| #define HAVE_SYS_STAT_H 1
| #define HAVE_SYS_TYPES_H 1
| #define HAVE_UNISTD_H 1
| #define HAVE_SYS_TIME_H 1
| #define STDC_HEADERS 1
| #define HAVE_DLFCN_H 1
| #define LT_OBJDIR ".libs/"
| #define YYTEXT_POINTER 1
| #define HAVE_PCAP_GET_SELECTABLE_FD 1
| #define HAVE_DUMBNET 1
| #define HAVE_LIBEVENT 1
| #define HAVE_LIBEDIT 1
| #define HAVE_LIBZ 1
| #define HAVE_SYS_WAIT_H 1
| #define HAVE_STDARG_H 1
| #define HAVE_ERRNO_H 1
| #define HAVE_FCNTL_H 1
| #define HAVE_PATHS_H 1
| #define HAVE_STDLIB_H 1
| #define HAVE_STRING_H 1
| #define HAVE_TIME_H 1
| #define HAVE_SYS_IOCTL_H 1
| #define HAVE_SYS_PARAM_H 1
| #define HAVE_SYS_SOCKET_H 1
| #define HAVE_SYS_TIME_H 1
| #define HAVE_SYS_FILE_H 1
| #define HAVE_SYSLOG_H 1
| #define HAVE_UNISTD_H 1
| #define HAVE_ASSERT_H 1
| #define TIME_WITH_SYS_TIME 1
| #define RETSIGTYPE void
| #define HAVE_VPRINTF 1
| #define HAVE_ASPRINTF 1
| #define HAVE_DUP2 1
| #define HAVE_GETTIMEOFDAY 1
| #define HAVE_MEMMOVE 1
| #define HAVE_MEMSET 1
| #define HAVE_STRCASECMP 1
| #define HAVE_STRCHR 1
| #define HAVE_STRDUP 1
| #define HAVE_STRNCASECMP 1
| #define HAVE_STRTOUL 1
| #define HAVE_STRSPN 1
| #define HAVE_GETADDRINFO 1
| #define HAVE_GETNAMEINFO 1
| #define HAVE_FREEADDRINFO 1
| #define HAVE_SETGROUPS 1
| #define HAVE_SENDMSG 1
| #define HAVE_RECVMSG 1
| #define HAVE_SETREGID 1
| /* end confdefs.h.  */
| /* Define kqueue to an innocuous variant, in case <limits.h> declares kqueue.
|    For example, HP-UX 11i <limits.h> declares gettimeofday.  */
| #define kqueue innocuous_kqueue
| 
| /* System header to define __stub macros and hopefully few prototypes,
|    which can conflict with char kqueue (); below.  */
| 
| #include <limits.h>
| #undef kqueue
| 
| /* Override any GCC internal prototype to avoid an error.
|    Use char because int might match the return type of a GCC
|    builtin and then its argument prototype would still apply.  */
| #ifdef __cplusplus
| extern "C"
| #endif
| char kqueue ();
| /* The GNU C library defines this for functions which it implements
|     to always fail with ENOSYS.  Some functions are actually named
|     something starting with __ and the normal name is an alias.  */
| #if defined __stub_kqueue || defined __stub___kqueue
| choke me
| #endif
| 
| int
| main (void)
| {
| return kqueue ();
|   ;
|   return 0;
| }
configure:15886: result: no
configure:15893: checking for daemon
configure:15893: gcc -o conftest    conftest.c  >&5
configure:15893: $? = 0
configure:15893: result: yes
configure:15906: checking for err
configure:15906: gcc -o conftest    conftest.c  >&5
configure:15906: $? = 0
configure:15906: result: yes
configure:15919: checking for strsep
configure:15919: gcc -o conftest    conftest.c  >&5
configure:15919: $? = 0
configure:15919: result: yes
configure:15932: checking for strlcpy
configure:15932: gcc -o conftest    conftest.c  >&5
/usr/bin/ld: /tmp/cc6SzUlC.o: in function `main':
conftest.c:(.text+0xe): undefined reference to `strlcpy'
collect2: error: ld returned 1 exit status
configure:15932: $? = 1
configure: failed program was:
| /* confdefs.h */
| #define PACKAGE_NAME ""
| #define PACKAGE_TARNAME ""
| #define PACKAGE_VERSION ""
| #define PACKAGE_STRING ""
| #define PACKAGE_BUGREPORT ""
| #define PACKAGE_URL ""
| #define PACKAGE "honeyd"
| #define VERSION "1.6d"
| #define HAVE_STDIO_H 1
| #define HAVE_STDLIB_H 1
| #define HAVE_STRING_H 1
| #define HAVE_INTTYPES_H 1
| #define HAVE_STDINT_H 1
| #define HAVE_STRINGS_H 1
| #define HAVE_SYS_STAT_H 1
| #define HAVE_SYS_TYPES_H 1
| #define HAVE_UNISTD_H 1
| #define HAVE_SYS_TIME_H 1
| #define STDC_HEADERS 1
| #define HAVE_DLFCN_H 1
| #define LT_OBJDIR ".libs/"
| #define YYTEXT_POINTER 1
| #define HAVE_PCAP_GET_SELECTABLE_FD 1
| #define HAVE_DUMBNET 1
| #define HAVE_LIBEVENT 1
| #define HAVE_LIBEDIT 1
| #define HAVE_LIBZ 1
| #define HAVE_SYS_WAIT_H 1
| #define HAVE_STDARG_H 1
| #define HAVE_ERRNO_H 1
| #define HAVE_FCNTL_H 1
| #define HAVE_PATHS_H 1
| #define HAVE_STDLIB_H 1
| #define HAVE_STRING_H 1
| #define HAVE_TIME_H 1
| #define HAVE_SYS_IOCTL_H 1
| #define HAVE_SYS_PARAM_H 1
| #define HAVE_SYS_SOCKET_H 1
| #define HAVE_SYS_TIME_H 1
| #define HAVE_SYS_FILE_H 1
| #define HAVE_SYSLOG_H 1
| #define HAVE_UNISTD_H 1
| #define HAVE_ASSERT_H 1
| #define TIME_WITH_SYS_TIME 1
| #define RETSIGTYPE void
| #define HAVE_VPRINTF 1
| #define HAVE_ASPRINTF 1
| #define HAVE_DUP2 1
| #define HAVE_GETTIMEOFDAY 1
| #define HAVE_MEMMOVE 1
| #define HAVE_MEMSET 1
| #define HAVE_STRCASECMP 1
| #define HAVE_STRCHR 1
| #define HAVE_STRDUP 1
| #define HAVE_STRNCASECMP 1
| #define HAVE_STRTOUL 1
| #define HAVE_STRSPN 1
| #define HAVE_GETADDRINFO 1
| #define HAVE_GETNAMEINFO 1
| #define HAVE_FREEADDRINFO 1
| #define HAVE_SETGROUPS 1
| #define HAVE_SENDMSG 1
| #define HAVE_RECVMSG 1
| #define HAVE_SETREGID 1
| #define HAVE_DAEMON 1
| #define HAVE_ERR 1
| #define HAVE_STRSEP 1
| /* end confdefs.h.  */
| /* Define strlcpy to an innocuous variant, in case <limits.h> declares strlcpy.
|    For example, HP-UX 11i <limits.h> declares gettimeofday.  */
| #define strlcpy innocuous_strlcpy
| 
| /* System header to define __stub macros and hopefully few prototypes,
|    which can conflict with char strlcpy (); below.  */
| 
| #include <limits.h>
| #undef strlcpy
| 
| /* Override any GCC internal prototype to avoid an error.
|    Use char because int might match the return type of a GCC
|    builtin and then its argument prototype would still apply.  */
| #ifdef __cplusplus
| extern "C"
| #endif
| char strlcpy ();
| /* The GNU C library defines this for functions which it implements
|     to always fail with ENOSYS.  Some functions are actually named
|     something starting with __ and the normal name is an alias.  */
| #if defined __stub_strlcpy || defined __stub___strlcpy
| choke me
| #endif
| 
| int
| main (void)
| {
| return strlcpy ();
|   ;
|   return 0;
| }
configure:15932: result: no
configure:15945: checking for strlcat
configure:15945: gcc -o conftest    conftest.c  >&5
/usr/bin/ld: /tmp/ccJuucVU.o: in function `main':
conftest.c:(.text+0xe): undefined reference to `strlcat'
collect2: error: ld returned 1 exit status
configure:15945: $? = 1
configure: failed program was:
| /* confdefs.h */
| #define PACKAGE_NAME ""
| #define PACKAGE_TARNAME ""
| #define PACKAGE_VERSION ""
| #define PACKAGE_STRING ""
| #define PACKAGE_BUGREPORT ""
| #define PACKAGE_URL ""
| #define PACKAGE "honeyd"
| #define VERSION "1.6d"
| #define HAVE_STDIO_H 1
| #define HAVE_STDLIB_H 1
| #define HAVE_STRING_H 1
| #define HAVE_INTTYPES_H 1
| #define HAVE_STDINT_H 1
| #define HAVE_STRINGS_H 1
| #define HAVE_SYS_STAT_H 1
| #define HAVE_SYS_TYPES_H 1
| #define HAVE_UNISTD_H 1
| #define HAVE_SYS_TIME_H 1
| #define STDC_HEADERS 1
| #define HAVE_DLFCN_H 1
| #define LT_OBJDIR ".libs/"
| #define YYTEXT_POINTER 1
| #define HAVE_PCAP_GET_SELECTABLE_FD 1
| #define HAVE_DUMBNET 1
| #define HAVE_LIBEVENT 1
| #define HAVE_LIBEDIT 1
| #define HAVE_LIBZ 1
| #define HAVE_SYS_WAIT_H 1
| #define HAVE_STDARG_H 1
| #define HAVE_ERRNO_H 1
| #define HAVE_FCNTL_H 1
| #define HAVE_PATHS_H 1
| #define HAVE_STDLIB_H 1
| #define HAVE_STRING_H 1
| #define HAVE_TIME_H 1
| #define HAVE_SYS_IOCTL_H 1
| #define HAVE_SYS_PARAM_H 1
| #define HAVE_SYS_SOCKET_H 1
| #define HAVE_SYS_TIME_H 1
| #define HAVE_SYS_FILE_H 1
| #define HAVE_SYSLOG_H 1
| #define HAVE_UNISTD_H 1
| #define HAVE_ASSERT_H 1
| #define TIME_WITH_SYS_TIME 1
| #define RETSIGTYPE void
| #define HAVE_VPRINTF 1
| #define HAVE_ASPRINTF 1
| #define HAVE_DUP2 1
| #define HAVE_GETTIMEOFDAY 1
| #define HAVE_MEMMOVE 1
| #define HAVE_MEMSET 1
| #define HAVE_STRCASECMP 1
| #define HAVE_STRCHR 1
| #define HAVE_STRDUP 1
| #define HAVE_STRNCASECMP 1
| #define HAVE_STRTOUL 1
| #define HAVE_STRSPN 1
| #define HAVE_GETADDRINFO 1
| #define HAVE_GETNAMEINFO 1
| #define HAVE_FREEADDRINFO 1
| #define HAVE_SETGROUPS 1
| #define HAVE_SENDMSG 1
| #define HAVE_RECVMSG 1
| #define HAVE_SETREGID 1
| #define HAVE_DAEMON 1
| #define HAVE_ERR 1
| #define HAVE_STRSEP 1
| /* end confdefs.h.  */
| /* Define strlcat to an innocuous variant, in case <limits.h> declares strlcat.
|    For example, HP-UX 11i <limits.h> declares gettimeofday.  */
| #define strlcat innocuous_strlcat
| 
| /* System header to define __stub macros and hopefully few prototypes,
|    which can conflict with char strlcat (); below.  */
| 
| #include <limits.h>
| #undef strlcat
| 
| /* Override any GCC internal prototype to avoid an error.
|    Use char because int might match the return type of a GCC
|    builtin and then its argument prototype would still apply.  */
| #ifdef __cplusplus
| extern "C"
| #endif
| char strlcat ();
| /* The GNU C library defines this for functions which it implements
|     to always fail with ENOSYS.  Some functions are actually named
|     something starting with __ and the normal name is an alias.  */
| #if defined __stub_strlcat || defined __stub___strlcat
| choke me
| #endif
| 
| int
| main (void)
| {
| return strlcat ();
|   ;
|   return 0;
| }
configure:15945: result: no
configure:15958: checking for getopt_long
configure:15958: gcc -o conftest    conftest.c  >&5
configure:15958: $? = 0
configure:15958: result: yes
configure:15976: checking for SHA1Update
configure:15976: gcc -o conftest    conftest.c  >&5
/usr/bin/ld: /tmp/cc34p4g3.o: in function `main':
conftest.c:(.text+0xe): undefined reference to `SHA1Update'
collect2: error: ld returned 1 exit status
configure:15976: $? = 1
configure: failed program was:
| /* confdefs.h */
| #define PACKAGE_NAME ""
| #define PACKAGE_TARNAME ""
| #define PACKAGE_VERSION ""
| #define PACKAGE_STRING ""
| #define PACKAGE_BUGREPORT ""
| #define PACKAGE_URL ""
| #define PACKAGE "honeyd"
| #define VERSION "1.6d"
| #define HAVE_STDIO_H 1
| #define HAVE_STDLIB_H 1
| #define HAVE_STRING_H 1
| #define HAVE_INTTYPES_H 1
| #define HAVE_STDINT_H 1
| #define HAVE_STRINGS_H 1
| #define HAVE_SYS_STAT_H 1
| #define HAVE_SYS_TYPES_H 1
| #define HAVE_UNISTD_H 1
| #define HAVE_SYS_TIME_H 1
| #define STDC_HEADERS 1
| #define HAVE_DLFCN_H 1
| #define LT_OBJDIR ".libs/"
| #define YYTEXT_POINTER 1
| #define HAVE_PCAP_GET_SELECTABLE_FD 1
| #define HAVE_DUMBNET 1
| #define HAVE_LIBEVENT 1
| #define HAVE_LIBEDIT 1
| #define HAVE_LIBZ 1
| #define HAVE_SYS_WAIT_H 1
| #define HAVE_STDARG_H 1
| #define HAVE_ERRNO_H 1
| #define HAVE_FCNTL_H 1
| #define HAVE_PATHS_H 1
| #define HAVE_STDLIB_H 1
| #define HAVE_STRING_H 1
| #define HAVE_TIME_H 1
| #define HAVE_SYS_IOCTL_H 1
| #define HAVE_SYS_PARAM_H 1
| #define HAVE_SYS_SOCKET_H 1
| #define HAVE_SYS_TIME_H 1
| #define HAVE_SYS_FILE_H 1
| #define HAVE_SYSLOG_H 1
| #define HAVE_UNISTD_H 1
| #define HAVE_ASSERT_H 1
| #define TIME_WITH_SYS_TIME 1
| #define RETSIGTYPE void
| #define HAVE_VPRINTF 1
| #define HAVE_ASPRINTF 1
| #define HAVE_DUP2 1
| #define HAVE_GETTIMEOFDAY 1
| #define HAVE_MEMMOVE 1
| #define HAVE_MEMSET 1
| #define HAVE_STRCASECMP 1
| #define HAVE_STRCHR 1
| #define HAVE_STRDUP 1
| #define HAVE_STRNCASECMP 1
| #define HAVE_STRTOUL 1
| #define HAVE_STRSPN 1
| #define HAVE_GETADDRINFO 1
| #define HAVE_GETNAMEINFO 1
| #define HAVE_FREEADDRINFO 1
| #define HAVE_SETGROUPS 1
| #define HAVE_SENDMSG 1
| #define HAVE_RECVMSG 1
| #define HAVE_SETREGID 1
| #define HAVE_DAEMON 1
| #define HAVE_ERR 1
| #define HAVE_STRSEP 1
| #define HAVE_GETOPT_LONG 1
| /* end confdefs.h.  */
| /* Define SHA1Update to an innocuous variant, in case <limits.h> declares SHA1Update.
|    For example, HP-UX 11i <limits.h> declares gettimeofday.  */
| #define SHA1Update innocuous_SHA1Update
| 
| /* System header to define __stub macros and hopefully few prototypes,
|    which can conflict with char SHA1Update (); below.  */
| 
| #include <limits.h>
| #undef SHA1Update
| 
| /* Override any GCC internal prototype to avoid an error.
|    Use char because int might match the return type of a GCC
|    builtin and then its argument prototype would still apply.  */
| #ifdef __cplusplus
| extern "C"
| #endif
| char SHA1Update ();
| /* The GNU C library defines this for functions which it implements
|     to always fail with ENOSYS.  Some functions are actually named
|     something starting with __ and the normal name is an alias.  */
| #if defined __stub_SHA1Update || defined __stub___SHA1Update
| choke me
| #endif
| 
| int
| main (void)
| {
| return SHA1Update ();
|   ;
|   return 0;
| }
configure:15976: result: no
configure:15995: checking for msg_accrights field in struct msghdr
configure:16025: gcc -o conftest    conftest.c  >&5
conftest.c: In function 'main':
conftest.c:80:2: error: 'struct msghdr' has no member named 'msg_accrights'
   80 | m.msg_accrights = 0;
      |  ^
conftest.c:81:1: warning: implicit declaration of function 'exit' [-Wimplicit-function-declaration]
   81 | exit(0);
      | ^~~~
conftest.c:75:1: note: include '<stdlib.h>' or provide a declaration of 'exit'
   74 | #include <sys/uio.h>
  +++ |+#include <stdlib.h>
   75 | int main() {
conftest.c:81:1: warning: incompatible implicit declaration of built-in function 'exit' [-Wbuiltin-declaration-mismatch]
   81 | exit(0);
      | ^~~~
conftest.c:81:1: note: include '<stdlib.h>' or provide a declaration of 'exit'
configure:16025: $? = 1
configure: program exited with status 1
configure: failed program was:
| /* confdefs.h */
| #define PACKAGE_NAME ""
| #define PACKAGE_TARNAME ""
| #define PACKAGE_VERSION ""
| #define PACKAGE_STRING ""
| #define PACKAGE_BUGREPORT ""
| #define PACKAGE_URL ""
| #define PACKAGE "honeyd"
| #define VERSION "1.6d"
| #define HAVE_STDIO_H 1
| #define HAVE_STDLIB_H 1
| #define HAVE_STRING_H 1
| #define HAVE_INTTYPES_H 1
| #define HAVE_STDINT_H 1
| #define HAVE_STRINGS_H 1
| #define HAVE_SYS_STAT_H 1
| #define HAVE_SYS_TYPES_H 1
| #define HAVE_UNISTD_H 1
| #define HAVE_SYS_TIME_H 1
| #define STDC_HEADERS 1
| #define HAVE_DLFCN_H 1
| #define LT_OBJDIR ".libs/"
| #define YYTEXT_POINTER 1
| #define HAVE_PCAP_GET_SELECTABLE_FD 1
| #define HAVE_DUMBNET 1
| #define HAVE_LIBEVENT 1
| #define HAVE_LIBEDIT 1
| #define HAVE_LIBZ 1
| #define HAVE_SYS_WAIT_H 1
| #define HAVE_STDARG_H 1
| #define HAVE_ERRNO_H 1
| #define HAVE_FCNTL_H 1
| #define HAVE_PATHS_H 1
| #define HAVE_STDLIB_H 1
| #define HAVE_STRING_H 1
| #define HAVE_TIME_H 1
| #define HAVE_SYS_IOCTL_H 1
| #define HAVE_SYS_PARAM_H 1
| #define HAVE_SYS_SOCKET_H 1
| #define HAVE_SYS_TIME_H 1
| #define HAVE_SYS_FILE_H 1
| #define HAVE_SYSLOG_H 1
| #define HAVE_UNISTD_H 1
| #define HAVE_ASSERT_H 1
| #define TIME_WITH_SYS_TIME 1
| #define RETSIGTYPE void
| #define HAVE_VPRINTF 1
| #define HAVE_ASPRINTF 1
| #define HAVE_DUP2 1
| #define HAVE_GETTIMEOFDAY 1
| #define HAVE_MEMMOVE 1
| #define HAVE_MEMSET 1
| #define HAVE_STRCASECMP 1
| #define HAVE_STRCHR 1
| #define HAVE_STRDUP 1
| #define HAVE_STRNCASECMP 1
| #define HAVE_STRTOUL 1
| #define HAVE_STRSPN 1
| #define HAVE_GETADDRINFO 1
| #define HAVE_GETNAMEINFO 1
| #define HAVE_FREEADDRINFO 1
| #define HAVE_SETGROUPS 1
| #define HAVE_SENDMSG 1
| #define HAVE_RECVMSG 1
| #define HAVE_SETREGID 1
| #define HAVE_DAEMON 1
| #define HAVE_ERR 1
| #define HAVE_STRSEP 1
| #define HAVE_GETOPT_LONG 1
| /* end confdefs.h.  */
| 
| #include <sys/types.h>
| #include <sys/socket.h>
| #include <sys/uio.h>
| int main() {
| #ifdef msg_accrights
| exit(1);
| #endif
| struct msghdr m;
| m.msg_accrights = 0;
| exit(0);
| }
| 
configure:16038: result: no
configure:16046: checking for sun_len in socketaddr_un
configure:16062: gcc -c   conftest.c >&5
conftest.c: In function 'main':
conftest.c:78:24: error: 'struct sockaddr_un' has no member named 'sun_len'
   78 | struct sockaddr_un x; x.sun_len = 0
      |                        ^
configure:16062: $? = 1
configure: failed program was:
| /* confdefs.h */
| #define PACKAGE_NAME ""
| #define PACKAGE_TARNAME ""
| #define PACKAGE_VERSION ""
| #define PACKAGE_STRING ""
| #define PACKAGE_BUGREPORT ""
| #define PACKAGE_URL ""
| #define PACKAGE "honeyd"
| #define VERSION "1.6d"
| #define HAVE_STDIO_H 1
| #define HAVE_STDLIB_H 1
| #define HAVE_STRING_H 1
| #define HAVE_INTTYPES_H 1
| #define HAVE_STDINT_H 1
| #define HAVE_STRINGS_H 1
| #define HAVE_SYS_STAT_H 1
| #define HAVE_SYS_TYPES_H 1
| #define HAVE_UNISTD_H 1
| #define HAVE_SYS_TIME_H 1
| #define STDC_HEADERS 1
| #define HAVE_DLFCN_H 1
| #define LT_OBJDIR ".libs/"
| #define YYTEXT_POINTER 1
| #define HAVE_PCAP_GET_SELECTABLE_FD 1
| #define HAVE_DUMBNET 1
| #define HAVE_LIBEVENT 1
| #define HAVE_LIBEDIT 1
| #define HAVE_LIBZ 1
| #define HAVE_SYS_WAIT_H 1
| #define HAVE_STDARG_H 1
| #define HAVE_ERRNO_H 1
| #define HAVE_FCNTL_H 1
| #define HAVE_PATHS_H 1
| #define HAVE_STDLIB_H 1
| #define HAVE_STRING_H 1
| #define HAVE_TIME_H 1
| #define HAVE_SYS_IOCTL_H 1
| #define HAVE_SYS_PARAM_H 1
| #define HAVE_SYS_SOCKET_H 1
| #define HAVE_SYS_TIME_H 1
| #define HAVE_SYS_FILE_H 1
| #define HAVE_SYSLOG_H 1
| #define HAVE_UNISTD_H 1
| #define HAVE_ASSERT_H 1
| #define TIME_WITH_SYS_TIME 1
| #define RETSIGTYPE void
| #define HAVE_VPRINTF 1
| #define HAVE_ASPRINTF 1
| #define HAVE_DUP2 1
| #define HAVE_GETTIMEOFDAY 1
| #define HAVE_MEMMOVE 1
| #define HAVE_MEMSET 1
| #define HAVE_STRCASECMP 1
| #define HAVE_STRCHR 1
| #define HAVE_STRDUP 1
| #define HAVE_STRNCASECMP 1
| #define HAVE_STRTOUL 1
| #define HAVE_STRSPN 1
| #define HAVE_GETADDRINFO 1
| #define HAVE_GETNAMEINFO 1
| #define HAVE_FREEADDRINFO 1
| #define HAVE_SETGROUPS 1
| #define HAVE_SENDMSG 1
| #define HAVE_RECVMSG 1
| #define HAVE_SETREGID 1
| #define HAVE_DAEMON 1
| #define HAVE_ERR 1
| #define HAVE_STRSEP 1
| #define HAVE_GETOPT_LONG 1
| /* end confdefs.h.  */
| 
|  #include <sys/types.h>
|  #include <sys/socket.h>
|  #include <sys/un.h>
| int
| main (void)
| {
| struct sockaddr_un x; x.sun_len = 0
|   ;
|   return 0;
| }
configure:16071: result: no
configure:16077: checking for msg_control field in struct msghdr
configure:16107: gcc -o conftest    conftest.c  >&5
conftest.c: In function 'main':
conftest.c:81:1: warning: implicit declaration of function 'exit' [-Wimplicit-function-declaration]
   81 | exit(0);
      | ^~~~
conftest.c:75:1: note: include '<stdlib.h>' or provide a declaration of 'exit'
   74 | #include <sys/uio.h>
  +++ |+#include <stdlib.h>
   75 | int main() {
conftest.c:81:1: warning: incompatible implicit declaration of built-in function 'exit' [-Wbuiltin-declaration-mismatch]
   81 | exit(0);
      | ^~~~
conftest.c:81:1: note: include '<stdlib.h>' or provide a declaration of 'exit'
configure:16107: $? = 0
configure:16107: ./conftest
configure:16107: $? = 0
configure:16120: result: yes
configure:16128: checking for timeradd in sys/time.h
configure:16145: result: yes
configure:16154: checking for isblank in ctype.h
configure:16171: result: yes
configure:16197: checking for working addr_cmp in libdnet
configure:16225: gcc -o conftest -Icompat/libdnet -I/usr/include   conftest.c -ldumbnet >&5
conftest.c: In function 'main':
conftest.c:83:9: warning: implicit declaration of function 'memset' [-Wimplicit-function-declaration]
   83 |         memset(&a1, 0, sizeof(a1));
      |         ^~~~~~
conftest.c:77:1: note: include '<string.h>' or provide a declaration of 'memset'
   76 | #include <dnet.h>
  +++ |+#include <string.h>
   77 | int
conftest.c:83:9: warning: incompatible implicit declaration of built-in function 'memset' [-Wbuiltin-declaration-mismatch]
   83 |         memset(&a1, 0, sizeof(a1));
      |         ^~~~~~
conftest.c:83:9: note: include '<string.h>' or provide a declaration of 'memset'
configure:16225: $? = 0
configure:16225: ./conftest
configure:16225: $? = 0
configure:16227: result: yes
configure:16239: checking for addr_net in libdnet
configure:16261: gcc -o conftest -Icompat/libdnet -I/usr/include   conftest.c -ldumbnet >&5
configure:16261: $? = 0
configure:16263: result: yes
configure:16276: checking for struct sockaddr_storage
configure:16297: gcc -c   conftest.c >&5
configure:16297: $? = 0
configure:16307: result: yes
configure:16316: checking for sa_len in sockaddr struct
configure:16335: gcc -c   conftest.c >&5
conftest.c: In function 'main':
conftest.c:81:40: error: 'struct sockaddr' has no member named 'sa_len'
   81 | u_int i = sizeof(((struct sockaddr *)0)->sa_len)
      |                                        ^~
configure:16335: $? = 1
configure: failed program was:
| /* confdefs.h */
| #define PACKAGE_NAME ""
| #define PACKAGE_TARNAME ""
| #define PACKAGE_VERSION ""
| #define PACKAGE_STRING ""
| #define PACKAGE_BUGREPORT ""
| #define PACKAGE_URL ""
| #define PACKAGE "honeyd"
| #define VERSION "1.6d"
| #define HAVE_STDIO_H 1
| #define HAVE_STDLIB_H 1
| #define HAVE_STRING_H 1
| #define HAVE_INTTYPES_H 1
| #define HAVE_STDINT_H 1
| #define HAVE_STRINGS_H 1
| #define HAVE_SYS_STAT_H 1
| #define HAVE_SYS_TYPES_H 1
| #define HAVE_UNISTD_H 1
| #define HAVE_SYS_TIME_H 1
| #define STDC_HEADERS 1
| #define HAVE_DLFCN_H 1
| #define LT_OBJDIR ".libs/"
| #define YYTEXT_POINTER 1
| #define HAVE_PCAP_GET_SELECTABLE_FD 1
| #define HAVE_DUMBNET 1
| #define HAVE_LIBEVENT 1
| #define HAVE_LIBEDIT 1
| #define HAVE_LIBZ 1
| #define HAVE_SYS_WAIT_H 1
| #define HAVE_STDARG_H 1
| #define HAVE_ERRNO_H 1
| #define HAVE_FCNTL_H 1
| #define HAVE_PATHS_H 1
| #define HAVE_STDLIB_H 1
| #define HAVE_STRING_H 1
| #define HAVE_TIME_H 1
| #define HAVE_SYS_IOCTL_H 1
| #define HAVE_SYS_PARAM_H 1
| #define HAVE_SYS_SOCKET_H 1
| #define HAVE_SYS_TIME_H 1
| #define HAVE_SYS_FILE_H 1
| #define HAVE_SYSLOG_H 1
| #define HAVE_UNISTD_H 1
| #define HAVE_ASSERT_H 1
| #define TIME_WITH_SYS_TIME 1
| #define RETSIGTYPE void
| #define HAVE_VPRINTF 1
| #define HAVE_ASPRINTF 1
| #define HAVE_DUP2 1
| #define HAVE_GETTIMEOFDAY 1
| #define HAVE_MEMMOVE 1
| #define HAVE_MEMSET 1
| #define HAVE_STRCASECMP 1
| #define HAVE_STRCHR 1
| #define HAVE_STRDUP 1
| #define HAVE_STRNCASECMP 1
| #define HAVE_STRTOUL 1
| #define HAVE_STRSPN 1
| #define HAVE_GETADDRINFO 1
| #define HAVE_GETNAMEINFO 1
| #define HAVE_FREEADDRINFO 1
| #define HAVE_SETGROUPS 1
| #define HAVE_SENDMSG 1
| #define HAVE_RECVMSG 1
| #define HAVE_SETREGID 1
| #define HAVE_DAEMON 1
| #define HAVE_ERR 1
| #define HAVE_STRSEP 1
| #define HAVE_GETOPT_LONG 1
| #define HAVE_CONTROL_IN_MSGHDR 1
| #define HAVE_TIMERADD 1
| #define HAVE_ISBLANK 1
| #define HAVE_STRUCT_SOCKADDR_STORAGE 1
| /* end confdefs.h.  */
| 
| #       include <sys/types.h>
| #       include <sys/socket.h>
| int
| main (void)
| {
| u_int i = sizeof(((struct sockaddr *)0)->sa_len)
|   ;
|   return 0;
| }
configure:16344: result: no
configure:16353: checking if underscores are needed for symbols
configure:16381: gcc -o conftest    conftest.c  >&5
conftest.c: In function 'main':
conftest.c:86:17: warning: implicit declaration of function 'exit' [-Wimplicit-function-declaration]
   86 |                 exit(1);
      |                 ^~~~
conftest.c:77:1: note: include '<stdlib.h>' or provide a declaration of 'exit'
   76 | #include <stdio.h>
  +++ |+#include <stdlib.h>
   77 | 
conftest.c:86:17: warning: incompatible implicit declaration of built-in function 'exit' [-Wbuiltin-declaration-mismatch]
   86 |                 exit(1);
      |                 ^~~~
conftest.c:86:17: note: include '<stdlib.h>' or provide a declaration of 'exit'
conftest.c:89:17: warning: incompatible implicit declaration of built-in function 'exit' [-Wbuiltin-declaration-mismatch]
   89 |                 exit(0);
      |                 ^~~~
conftest.c:89:17: note: include '<stdlib.h>' or provide a declaration of 'exit'
conftest.c:91:9: warning: incompatible implicit declaration of built-in function 'exit' [-Wbuiltin-declaration-mismatch]
   91 |         exit(1);
      |         ^~~~
conftest.c:91:9: note: include '<stdlib.h>' or provide a declaration of 'exit'
configure:16381: $? = 0
configure:16381: ./conftest
configure:16381: $? = 1
configure: program exited with status 1
configure: failed program was:
| /* confdefs.h */
| #define PACKAGE_NAME ""
| #define PACKAGE_TARNAME ""
| #define PACKAGE_VERSION ""
| #define PACKAGE_STRING ""
| #define PACKAGE_BUGREPORT ""
| #define PACKAGE_URL ""
| #define PACKAGE "honeyd"
| #define VERSION "1.6d"
| #define HAVE_STDIO_H 1
| #define HAVE_STDLIB_H 1
| #define HAVE_STRING_H 1
| #define HAVE_INTTYPES_H 1
| #define HAVE_STDINT_H 1
| #define HAVE_STRINGS_H 1
| #define HAVE_SYS_STAT_H 1
| #define HAVE_SYS_TYPES_H 1
| #define HAVE_UNISTD_H 1
| #define HAVE_SYS_TIME_H 1
| #define STDC_HEADERS 1
| #define HAVE_DLFCN_H 1
| #define LT_OBJDIR ".libs/"
| #define YYTEXT_POINTER 1
| #define HAVE_PCAP_GET_SELECTABLE_FD 1
| #define HAVE_DUMBNET 1
| #define HAVE_LIBEVENT 1
| #define HAVE_LIBEDIT 1
| #define HAVE_LIBZ 1
| #define HAVE_SYS_WAIT_H 1
| #define HAVE_STDARG_H 1
| #define HAVE_ERRNO_H 1
| #define HAVE_FCNTL_H 1
| #define HAVE_PATHS_H 1
| #define HAVE_STDLIB_H 1
| #define HAVE_STRING_H 1
| #define HAVE_TIME_H 1
| #define HAVE_SYS_IOCTL_H 1
| #define HAVE_SYS_PARAM_H 1
| #define HAVE_SYS_SOCKET_H 1
| #define HAVE_SYS_TIME_H 1
| #define HAVE_SYS_FILE_H 1
| #define HAVE_SYSLOG_H 1
| #define HAVE_UNISTD_H 1
| #define HAVE_ASSERT_H 1
| #define TIME_WITH_SYS_TIME 1
| #define RETSIGTYPE void
| #define HAVE_VPRINTF 1
| #define HAVE_ASPRINTF 1
| #define HAVE_DUP2 1
| #define HAVE_GETTIMEOFDAY 1
| #define HAVE_MEMMOVE 1
| #define HAVE_MEMSET 1
| #define HAVE_STRCASECMP 1
| #define HAVE_STRCHR 1
| #define HAVE_STRDUP 1
| #define HAVE_STRNCASECMP 1
| #define HAVE_STRTOUL 1
| #define HAVE_STRSPN 1
| #define HAVE_GETADDRINFO 1
| #define HAVE_GETNAMEINFO 1
| #define HAVE_FREEADDRINFO 1
| #define HAVE_SETGROUPS 1
| #define HAVE_SENDMSG 1
| #define HAVE_RECVMSG 1
| #define HAVE_SETREGID 1
| #define HAVE_DAEMON 1
| #define HAVE_ERR 1
| #define HAVE_STRSEP 1
| #define HAVE_GETOPT_LONG 1
| #define HAVE_CONTROL_IN_MSGHDR 1
| #define HAVE_TIMERADD 1
| #define HAVE_ISBLANK 1
| #define HAVE_STRUCT_SOCKADDR_STORAGE 1
| /* end confdefs.h.  */
| #include <dlfcn.h>
| #include <stdio.h>
| 
| int underscoreprobe(void) { return (31415); }
| 
| int
| main(int argc, char **argv)
| {
| 	void *dh;
| 
| 	if ((dh = dlopen(NULL, 0)) == NULL)
| 		exit(1);
| 
| 	if (dlsym(dh, "_underscoreprobe") != NULL)
| 		exit(0);
| 
| 	exit(1);
| }
configure:16389: result: no
configure:16399: checking if we can access libc without dlopen
configure:16424: gcc -o conftest    conftest.c  >&5
conftest.c: In function 'main':
conftest.c:86:17: warning: implicit declaration of function 'exit' [-Wimplicit-function-declaration]
   86 |                 exit(0);
      |                 ^~~~
conftest.c:77:1: note: include '<stdlib.h>' or provide a declaration of 'exit'
   76 | #include <stdio.h>
  +++ |+#include <stdlib.h>
   77 | 
conftest.c:86:17: warning: incompatible implicit declaration of built-in function 'exit' [-Wbuiltin-declaration-mismatch]
   86 |                 exit(0);
      |                 ^~~~
conftest.c:86:17: note: include '<stdlib.h>' or provide a declaration of 'exit'
conftest.c:88:9: warning: incompatible implicit declaration of built-in function 'exit' [-Wbuiltin-declaration-mismatch]
   88 |         exit(1);
      |         ^~~~
conftest.c:88:9: note: include '<stdlib.h>' or provide a declaration of 'exit'
configure:16424: $? = 0
configure:16424: ./conftest
configure:16424: $? = 0
configure:16426: result: yes
configure:16497: checking for plugins to build in
configure:16513: result: none
configure:16625: checking that generated files are newer than configure
configure:16631: result: done
configure:16694: creating ./config.status

## ---------------------- ##
## Running config.status. ##
## ---------------------- ##

This file was extended by config.status, which was
generated by GNU Autoconf 2.71.  Invocation command line was

  CONFIG_FILES    = 
  CONFIG_HEADERS  = 
  CONFIG_LINKS    = 
  CONFIG_COMMANDS = 
  $ ./config.status 

on abdelazizsalah-virtual-machine

config.status:1181: creating Makefile
config.status:1181: creating regress/Makefile
config.status:1181: creating pypcap/Makefile
config.status:1181: creating config.h
config.status:1362: config.h is unchanged
config.status:1410: executing depfiles commands
config.status:1410: executing libtool commands

## ---------------- ##
## Cache variables. ##
## ---------------- ##

ac_cv_build=x86_64-pc-linux-gnu
ac_cv_c_compiler_gnu=yes
ac_cv_c_const=yes
ac_cv_env_CC_set=
ac_cv_env_CC_value=
ac_cv_env_CFLAGS_set=
ac_cv_env_CFLAGS_value=
ac_cv_env_CPPFLAGS_set=
ac_cv_env_CPPFLAGS_value=
ac_cv_env_CPP_set=
ac_cv_env_CPP_value=
ac_cv_env_LDFLAGS_set=
ac_cv_env_LDFLAGS_value=
ac_cv_env_LIBS_set=
ac_cv_env_LIBS_value=
ac_cv_env_LT_SYS_LIBRARY_PATH_set=
ac_cv_env_LT_SYS_LIBRARY_PATH_value=
ac_cv_env_YACC_set=
ac_cv_env_YACC_value=
ac_cv_env_YFLAGS_set=
ac_cv_env_YFLAGS_value=
ac_cv_env_build_alias_set=
ac_cv_env_build_alias_value=
ac_cv_env_host_alias_set=
ac_cv_env_host_alias_value=
ac_cv_env_target_alias_set=
ac_cv_env_target_alias_value=
ac_cv_func_SHA1Update=no
ac_cv_func_asprintf=yes
ac_cv_func_daemon=yes
ac_cv_func_dup2=yes
ac_cv_func_err=yes
ac_cv_func_fgetln=no
ac_cv_func_freeaddrinfo=yes
ac_cv_func_getaddrinfo=yes
ac_cv_func_getnameinfo=yes
ac_cv_func_getopt_long=yes
ac_cv_func_gettimeofday=yes
ac_cv_func_kqueue=no
ac_cv_func_memmove=yes
ac_cv_func_memset=yes
ac_cv_func_recvmsg=yes
ac_cv_func_sendmsg=yes
ac_cv_func_setgroups=yes
ac_cv_func_setregid=yes
ac_cv_func_setruid=no
ac_cv_func_strcasecmp=yes
ac_cv_func_strchr=yes
ac_cv_func_strdup=yes
ac_cv_func_strlcat=no
ac_cv_func_strlcpy=no
ac_cv_func_strncasecmp=yes
ac_cv_func_strsep=yes
ac_cv_func_strspn=yes
ac_cv_func_strtoul=yes
ac_cv_func_vprintf=yes
ac_cv_have_accrights_in_msghdr=no
ac_cv_have_control_in_msghdr=yes
ac_cv_have_struct_sockaddr_storage=yes
ac_cv_header_assert_h=yes
ac_cv_header_dlfcn_h=yes
ac_cv_header_errno_h=yes
ac_cv_header_fcntl_h=yes
ac_cv_header_inttypes_h=yes
ac_cv_header_net_bpf_h=no
ac_cv_header_paths_h=yes
ac_cv_header_stdarg_h=yes
ac_cv_header_stdint_h=yes
ac_cv_header_stdio_h=yes
ac_cv_header_stdlib_h=yes
ac_cv_header_string_h=yes
ac_cv_header_strings_h=yes
ac_cv_header_sys_file_h=yes
ac_cv_header_sys_ioccom_h=no
ac_cv_header_sys_ioctl_h=yes
ac_cv_header_sys_param_h=yes
ac_cv_header_sys_socket_h=yes
ac_cv_header_sys_stat_h=yes
ac_cv_header_sys_time_h=yes
ac_cv_header_sys_types_h=yes
ac_cv_header_sys_wait_h=yes
ac_cv_header_syslog_h=yes
ac_cv_header_time_h=yes
ac_cv_header_unistd_h=yes
ac_cv_host=x86_64-pc-linux-gnu
ac_cv_lib_dl_dlopen=yes
ac_cv_lib_event_event_priority_init=yes
ac_cv_lib_lex='none needed'
ac_cv_lib_ncurses_tgetstr=yes
ac_cv_lib_pcap_pcap_get_selectable_fd=yes
ac_cv_lib_z_deflate=yes
ac_cv_objext=o
ac_cv_path_EGREP='/usr/bin/grep -E'
ac_cv_path_FGREP='/usr/bin/grep -F'
ac_cv_path_GREP=/usr/bin/grep
ac_cv_path_PATH_PYTHON=/usr/bin/python
ac_cv_path_SED=/usr/bin/sed
ac_cv_path_dnetconfig=/usr/bin/dnet-config
ac_cv_path_install='/usr/bin/install -c'
ac_cv_path_lt_DD=/usr/bin/dd
ac_cv_path_mkdir=/usr/bin/mkdir
ac_cv_path_pcreconfig=/usr/bin/pcre-config
ac_cv_prog_AWK=mawk
ac_cv_prog_CPP='gcc -E'
ac_cv_prog_LEX=flex
ac_cv_prog_YACC='bison -y'
ac_cv_prog_ac_ct_AR=ar
ac_cv_prog_ac_ct_CC=gcc
ac_cv_prog_ac_ct_MANIFEST_TOOL=mt
ac_cv_prog_ac_ct_OBJDUMP=objdump
ac_cv_prog_ac_ct_RANLIB=ranlib
ac_cv_prog_ac_ct_STRIP=strip
ac_cv_prog_cc_c11=
ac_cv_prog_cc_g=yes
ac_cv_prog_cc_stdc=
ac_cv_prog_gcc_traditional=no
ac_cv_prog_lex_root=lex.yy
ac_cv_prog_lex_yytext_pointer=yes
ac_cv_prog_make_make_set=yes
ac_cv_search_yywrap=-ll
ac_cv_sockaddr_has_sa_len=no
ac_cv_target=x86_64-pc-linux-gnu
ac_cv_type_pid_t=yes
ac_cv_type_signal=void
ac_cv_type_size_t=yes
ac_cv_type_u_int16_t=yes
ac_cv_type_u_int32_t=yes
ac_cv_type_u_int64_t=yes
ac_cv_type_u_int8_t=yes
ac_cv_type_u_int=yes
ac_cv_type_uid_t=yes
am_cv_CC_dependencies_compiler_type=none
am_cv_make_support_nested_variables=yes
am_cv_prog_cc_c_o=yes
lt_cv_ar_at_file=@
lt_cv_archive_cmds_need_lc=no
lt_cv_deplibs_check_method=pass_all
lt_cv_file_magic_cmd='$MAGIC_CMD'
lt_cv_file_magic_test_file=
lt_cv_ld_reload_flag=-r
lt_cv_nm_interface='BSD nm'
lt_cv_objdir=.libs
lt_cv_path_LD=/usr/bin/ld
lt_cv_path_NM='/usr/bin/nm -B'
lt_cv_path_mainfest_tool=no
lt_cv_prog_compiler_c_o=yes
lt_cv_prog_compiler_pic='-fPIC -DPIC'
lt_cv_prog_compiler_pic_works=yes
lt_cv_prog_compiler_rtti_exceptions=no
lt_cv_prog_compiler_static_works=yes
lt_cv_prog_gnu_ld=yes
lt_cv_sharedlib_from_linklib_cmd='printf %s\n'
lt_cv_shlibpath_overrides_runpath=yes
lt_cv_sys_global_symbol_pipe='sed -n -e '\''s/^.*[	 ]\([ABCDGIRSTW][ABCDGIRSTW]*\)[	 ][	 ]*\([_A-Za-z][_A-Za-z0-9]*\)$/\1 \2 \2/p'\'' | sed '\''/ __gnu_lto/d'\'''
lt_cv_sys_global_symbol_to_c_name_address='sed -n -e '\''s/^: \(.*\) .*$/  {"\1", (void *) 0},/p'\'' -e '\''s/^[ABCDGIRSTW][ABCDGIRSTW]* .* \(.*\)$/  {"\1", (void *) \&\1},/p'\'''
lt_cv_sys_global_symbol_to_c_name_address_lib_prefix='sed -n -e '\''s/^: \(.*\) .*$/  {"\1", (void *) 0},/p'\'' -e '\''s/^[ABCDGIRSTW][ABCDGIRSTW]* .* \(lib.*\)$/  {"\1", (void *) \&\1},/p'\'' -e '\''s/^[ABCDGIRSTW][ABCDGIRSTW]* .* \(.*\)$/  {"lib\1", (void *) \&\1},/p'\'''
lt_cv_sys_global_symbol_to_cdecl='sed -n -e '\''s/^T .* \(.*\)$/extern int \1();/p'\'' -e '\''s/^[ABCDGIRSTW][ABCDGIRSTW]* .* \(.*\)$/extern char \1;/p'\'''
lt_cv_sys_global_symbol_to_import=
lt_cv_sys_max_cmd_len=1572864
lt_cv_to_host_file_cmd=func_convert_file_noop
lt_cv_to_tool_file_cmd=func_convert_file_noop
lt_cv_truncate_bin='/usr/bin/dd bs=4096 count=1'

## ----------------- ##
## Output variables. ##
## ----------------- ##

ACLOCAL='aclocal-1.16'
AMDEPBACKSLASH='\'
AMDEP_FALSE='#'
AMDEP_TRUE=''
AMTAR='$${TAR-tar}'
AM_BACKSLASH='\'
AM_DEFAULT_V='$(AM_DEFAULT_VERBOSITY)'
AM_DEFAULT_VERBOSITY='1'
AM_V='$(V)'
AR='ar'
AUTOCONF='autoconf'
AUTOHEADER='autoheader'
AUTOMAKE='automake-1.16'
AWK='mawk'
CC='gcc'
CCDEPMODE='depmode=none'
CFLAGS=''
COND_PYDPKT_FALSE=''
COND_PYDPKT_TRUE='#'
COND_PYPCAP_FALSE=''
COND_PYPCAP_TRUE='#'
COND_REGRESS_FALSE=''
COND_REGRESS_TRUE='#'
CPP='gcc -E'
CPPFLAGS=''
CSCOPE='cscope'
CTAGS='ctags'
CYGPATH_W='echo'
DEFS='-DHAVE_CONFIG_H'
DEPDIR='.deps'
DLLTOOL='false'
DNETCOMPAT='compat/libdnet'
DNETINC='-I/usr/include'
DNETLIB='-ldumbnet'
DSYMUTIL=''
DUMPBIN=''
ECHO_C=''
ECHO_N='-n'
ECHO_T=''
EDITINC='-I/usr/include'
EDITLIB='-L/usr/lib -ledit'
EGREP='/usr/bin/grep -E'
ETAGS='etags'
EVENTINC='-I/usr/include'
EVENTLIB='-L/usr/lib -levent'
EXEEXT=''
FGREP='/usr/bin/grep -F'
GREP='/usr/bin/grep'
INSTALL_DATA='${INSTALL} -m 644'
INSTALL_PROGRAM='${INSTALL}'
INSTALL_SCRIPT='${INSTALL}'
INSTALL_STRIP_PROGRAM='$(install_sh) -c -s'
LD='/usr/bin/ld -m elf_x86_64'
LDFLAGS=''
LEX='flex'
LEXLIB='-ll '
LEX_OUTPUT_ROOT='lex.yy'
LIBCURSES='-lncurses'
LIBDL='-ldl'
LIBOBJS=' ${LIBOBJDIR}strlcpy$U.o ${LIBOBJDIR}strlcat$U.o ${LIBOBJDIR}sha1$U.o'
LIBS=''
LIBTOOL='$(SHELL) $(top_builddir)/libtool'
LIPO=''
LN_S='ln -s'
LTLIBOBJS=' ${LIBOBJDIR}strlcpy$U.lo ${LIBOBJDIR}strlcat$U.lo ${LIBOBJDIR}sha1$U.lo'
LT_SYS_LIBRARY_PATH=''
MAINT='#'
MAINTAINER_MODE_FALSE=''
MAINTAINER_MODE_TRUE='#'
MAKEINFO='makeinfo'
MANIFEST_TOOL=':'
MKDIR_P='/usr/bin/mkdir -p'
NM='/usr/bin/nm -B'
NMEDIT=''
OBJDUMP='objdump'
OBJEXT='o'
OTOOL64=''
OTOOL=''
PACKAGE='honeyd'
PACKAGE_BUGREPORT=''
PACKAGE_NAME=''
PACKAGE_STRING=''
PACKAGE_TARNAME=''
PACKAGE_URL=''
PACKAGE_VERSION=''
PATH_PYTHON24=''
PATH_PYTHON='/usr/bin/python'
PATH_RRDTOOL=''
PATH_SEPARATOR=':'
PCAPINC='-I/usr/include'
PCAPLIB='-L/usr/lib -lpcap'
PCREINC=''
PCRELIB='-lpcre'
PLUGINLIB=''
PLUGINS=''
PLUGINSDECLARE=''
PROXY_BIN=''
PYEXTEND=''
PYTHONINC=''
PYTHONLIB=''
RANLIB='ranlib'
SED='/usr/bin/sed'
SET_MAKE=''
SHELL='/bin/bash'
SMTP_BIN=''
STRIP='strip'
VERSION='1.6d'
YACC='bison -y'
YFLAGS=''
ZINC=''
ZLIB='-lz'
ac_ct_AR='ar'
ac_ct_CC='gcc'
ac_ct_DUMPBIN=''
am__EXEEXT_FALSE=''
am__EXEEXT_TRUE='#'
am__fastdepCC_FALSE=''
am__fastdepCC_TRUE='#'
am__include='include'
am__isrc=''
am__leading_dot='.'
am__nodep='_no'
am__quote=''
am__tar='$${TAR-tar} chof - "$$tardir"'
am__untar='$${TAR-tar} xf -'
bindir='${exec_prefix}/bin'
build='x86_64-pc-linux-gnu'
build_alias=''
build_cpu='x86_64'
build_os='linux-gnu'
build_vendor='pc'
datadir='${datarootdir}'
datarootdir='${prefix}/share'
dnetconfig='/usr/bin/dnet-config'
docdir='${datarootdir}/doc/${PACKAGE}'
dvidir='${docdir}'
exec_prefix='${prefix}'
host='x86_64-pc-linux-gnu'
host_alias=''
host_cpu='x86_64'
host_os='linux-gnu'
host_vendor='pc'
htmldir='${docdir}'
includedir='${prefix}/include'
infodir='${datarootdir}/info'
install_sh='${SHELL} /home/abdelazizsalah/Desktop/Honeypots/Honeyd_1.6d/install-sh'
libdir='${exec_prefix}/lib'
libexecdir='${exec_prefix}/libexec'
localedir='${datarootdir}/locale'
localstatedir='${prefix}/var'
mandir='${datarootdir}/man'
mkdir_p='$(MKDIR_P)'
oldincludedir='/usr/include'
pcreconfig='/usr/bin/pcre-config'
pdfdir='${docdir}'
prefix='/usr'
program_transform_name='s,x,x,'
psdir='${docdir}'
runstatedir='${localstatedir}/run'
sbindir='${exec_prefix}/sbin'
sharedstatedir='${prefix}/com'
sysconfdir='${prefix}/etc'
target='x86_64-pc-linux-gnu'
target_alias=''
target_cpu='x86_64'
target_os='linux-gnu'
target_vendor='pc'

## ----------- ##
## confdefs.h. ##
## ----------- ##

/* confdefs.h */
#define PACKAGE_NAME ""
#define PACKAGE_TARNAME ""
#define PACKAGE_VERSION ""
#define PACKAGE_STRING ""
#define PACKAGE_BUGREPORT ""
#define PACKAGE_URL ""
#define PACKAGE "honeyd"
#define VERSION "1.6d"
#define HAVE_STDIO_H 1
#define HAVE_STDLIB_H 1
#define HAVE_STRING_H 1
#define HAVE_INTTYPES_H 1
#define HAVE_STDINT_H 1
#define HAVE_STRINGS_H 1
#define HAVE_SYS_STAT_H 1
#define HAVE_SYS_TYPES_H 1
#define HAVE_UNISTD_H 1
#define HAVE_SYS_TIME_H 1
#define STDC_HEADERS 1
#define HAVE_DLFCN_H 1
#define LT_OBJDIR ".libs/"
#define YYTEXT_POINTER 1
#define HAVE_PCAP_GET_SELECTABLE_FD 1
#define HAVE_DUMBNET 1
#define HAVE_LIBEVENT 1
#define HAVE_LIBEDIT 1
#define HAVE_LIBZ 1
#define HAVE_SYS_WAIT_H 1
#define HAVE_STDARG_H 1
#define HAVE_ERRNO_H 1
#define HAVE_FCNTL_H 1
#define HAVE_PATHS_H 1
#define HAVE_STDLIB_H 1
#define HAVE_STRING_H 1
#define HAVE_TIME_H 1
#define HAVE_SYS_IOCTL_H 1
#define HAVE_SYS_PARAM_H 1
#define HAVE_SYS_SOCKET_H 1
#define HAVE_SYS_TIME_H 1
#define HAVE_SYS_FILE_H 1
#define HAVE_SYSLOG_H 1
#define HAVE_UNISTD_H 1
#define HAVE_ASSERT_H 1
#define TIME_WITH_SYS_TIME 1
#define RETSIGTYPE void
#define HAVE_VPRINTF 1
#define HAVE_ASPRINTF 1
#define HAVE_DUP2 1
#define HAVE_GETTIMEOFDAY 1
#define HAVE_MEMMOVE 1
#define HAVE_MEMSET 1
#define HAVE_STRCASECMP 1
#define HAVE_STRCHR 1
#define HAVE_STRDUP 1
#define HAVE_STRNCASECMP 1
#define HAVE_STRTOUL 1
#define HAVE_STRSPN 1
#define HAVE_GETADDRINFO 1
#define HAVE_GETNAMEINFO 1
#define HAVE_FREEADDRINFO 1
#define HAVE_SETGROUPS 1
#define HAVE_SENDMSG 1
#define HAVE_RECVMSG 1
#define HAVE_SETREGID 1
#define HAVE_DAEMON 1
#define HAVE_ERR 1
#define HAVE_STRSEP 1
#define HAVE_GETOPT_LONG 1
#define HAVE_CONTROL_IN_MSGHDR 1
#define HAVE_TIMERADD 1
#define HAVE_ISBLANK 1
#define HAVE_STRUCT_SOCKADDR_STORAGE 1
#define NODLOPEN 1

configure: exit 0
